2024-07-23 15:44:49,429 - INFO - Start running, host: vxm240030@pdml6, work_dir: /home/vxm240030/CenterPoint/work_dirs/nusc_centerpoint_pp_02voxel_two_pfn_10sweep
2024-07-23 15:44:49,429 - INFO - workflow: [('train', 1)], max: 20 epochs
2024-07-23 15:44:58,713 - INFO - Epoch [1/20][5/408]	lr: 0.00010, eta: 4:12:13, time: 1.856, data_time: 1.690, transfer_time: 0.006, forward_time: 0.074, loss_parse_time: 0.000 memory: 4944, 
2024-07-23 15:44:58,713 - INFO - task : ['car'], loss: 14.0781, hm_loss: 4.2280, loc_loss: 39.4007, loc_loss_elem: ['5.2409', '4.7459', '7.2217', '3.0813', '5.2308', '3.6218', '5.1375', '5.3340', '4.3156', '3.8483'], num_positive: 38.2000
2024-07-23 15:44:58,713 - INFO - task : ['truck', 'construction_vehicle'], loss: 26.7693, hm_loss: 13.2494, loc_loss: 54.0795, loc_loss_elem: ['4.9214', '6.2202', '8.5863', '5.6450', '5.7883', '5.5784', '6.6693', '9.7911', '7.7833', '6.2647'], num_positive: 25.8000
2024-07-23 15:44:58,713 - INFO - task : ['bus', 'trailer'], loss: 30.2639, hm_loss: 15.3439, loc_loss: 59.6801, loc_loss_elem: ['6.4967', '6.6960', '10.6071', '4.3866', '8.6268', '6.5214', '4.7535', '7.3633', '5.3751', '8.5470'], num_positive: 18.8000
2024-07-23 15:44:58,713 - INFO - task : ['barrier'], loss: 17.3181, hm_loss: 5.2663, loc_loss: 48.2073, loc_loss_elem: ['6.9925', '4.8570', '7.9817', '4.2106', '4.6606', '3.5535', '9.4180', '4.3049', '4.7973', '8.4096'], num_positive: 31.8000
2024-07-23 15:44:58,714 - INFO - task : ['motorcycle', 'bicycle'], loss: 18.0402, hm_loss: 5.5176, loc_loss: 50.0902, loc_loss_elem: ['5.4075', '5.7674', '5.9962', '4.7503', '5.2500', '7.8064', '4.7981', '5.6418', '8.8059', '4.2185'], num_positive: 36.4000
2024-07-23 15:44:58,714 - INFO - task : ['pedestrian', 'traffic_cone'], loss: 23.1747, hm_loss: 6.3539, loc_loss: 67.2834, loc_loss_elem: ['7.4281', '9.6155', '10.8851', '5.2754', '6.5783', '6.0427', '11.5850', '10.7856', '9.9559', '7.0284'], num_positive: 44.4000

2024-07-23 15:45:00,790 - INFO - Epoch [1/20][10/408]	lr: 0.00010, eta: 2:34:16, time: 0.416, data_time: 0.322, transfer_time: 0.006, forward_time: 0.029, loss_parse_time: 0.000 memory: 5019, 
2024-07-23 15:45:00,790 - INFO - task : ['car'], loss: 12.7375, hm_loss: 3.5633, loc_loss: 36.6966, loc_loss_elem: ['5.2821', '4.5285', '6.0271', '3.5220', '4.2955', '3.2541', '5.2506', '4.3681', '4.3789', '3.4846'], num_positive: 43.4000
2024-07-23 15:45:00,790 - INFO - task : ['truck', 'construction_vehicle'], loss: 21.4727, hm_loss: 9.2720, loc_loss: 48.8031, loc_loss_elem: ['5.4357', '6.4967', '8.1757', '4.7656', '4.6928', '5.4815', '5.9563', '8.2323', '5.1899', '5.7274'], num_positive: 26.2000
2024-07-23 15:45:00,790 - INFO - task : ['bus', 'trailer'], loss: 27.1275, hm_loss: 13.0317, loc_loss: 56.3829, loc_loss_elem: ['8.6861', '5.5328', '9.2643', '4.3001', '7.7657', '5.9513', '4.9373', '6.4903', '6.3568', '6.2402'], num_positive: 15.4000
2024-07-23 15:45:00,790 - INFO - task : ['barrier'], loss: 13.9413, hm_loss: 4.7407, loc_loss: 36.8024, loc_loss_elem: ['5.9675', '3.8045', '4.3832', '3.0724', '3.0413', '3.5062', '8.3385', '3.9684', '4.5163', '6.0496'], num_positive: 31.0000
2024-07-23 15:45:00,790 - INFO - task : ['motorcycle', 'bicycle'], loss: 14.2927, hm_loss: 4.3120, loc_loss: 39.9229, loc_loss_elem: ['3.8362', '4.3472', '4.9690', '3.2716', '4.0658', '5.7925', '3.9561', '5.0528', '7.8470', '3.9917'], num_positive: 39.6000
2024-07-23 15:45:00,790 - INFO - task : ['pedestrian', 'traffic_cone'], loss: 15.5398, hm_loss: 4.3915, loc_loss: 44.5932, loc_loss_elem: ['5.2256', '5.6103', '6.8840', '3.6664', '5.4768', '4.2297', '6.7571', '6.6423', '5.8004', '5.0201'], num_positive: 58.0000

2024-07-23 15:45:01,361 - INFO - Epoch [1/20][15/408]	lr: 0.00010, eta: 1:47:53, time: 0.113, data_time: 0.017, transfer_time: 0.006, forward_time: 0.030, loss_parse_time: 0.000 memory: 5021, 
2024-07-23 15:45:01,361 - INFO - task : ['car'], loss: 11.7260, hm_loss: 3.4060, loc_loss: 33.2799, loc_loss_elem: ['4.0534', '4.8041', '5.3204', '3.1695', '3.8240', '2.7665', '4.6233', '3.9568', '4.0922', '3.5338'], num_positive: 32.2000
2024-07-23 15:45:01,361 - INFO - task : ['truck', 'construction_vehicle'], loss: 16.1728, hm_loss: 7.0005, loc_loss: 36.6889, loc_loss_elem: ['4.0895', '4.1214', '6.4356', '3.4231', '3.8067', '4.1224', '4.8260', '5.4762', '4.2710', '4.3589'], num_positive: 28.6000
2024-07-23 15:45:01,361 - INFO - task : ['bus', 'trailer'], loss: 19.9068, hm_loss: 9.8347, loc_loss: 40.2883, loc_loss_elem: ['4.7816', '4.3945', '6.6180', '3.3794', '6.0312', '3.6739', '4.3502', '5.0671', '5.2522', '4.2740'], num_positive: 14.6000
2024-07-23 15:45:01,361 - INFO - task : ['barrier'], loss: 11.4113, hm_loss: 3.0732, loc_loss: 33.3521, loc_loss_elem: ['4.8801', '3.7836', '5.1298', '3.1804', '3.3914', '2.8735', '6.3421', '3.7483', '4.1293', '3.9659'], num_positive: 54.8000
2024-07-23 15:45:01,362 - INFO - task : ['motorcycle', 'bicycle'], loss: 11.8613, hm_loss: 3.7830, loc_loss: 32.3132, loc_loss_elem: ['3.2930', '4.3676', '4.5433', '2.6710', '3.0158', '4.0323', '3.5852', '4.4738', '5.4366', '3.3419'], num_positive: 39.0000
2024-07-23 15:45:01,362 - INFO - task : ['pedestrian', 'traffic_cone'], loss: 13.6389, hm_loss: 3.2947, loc_loss: 41.3766, loc_loss_elem: ['4.8036', '5.4071', '6.3563', '3.9091', '4.5071', '4.2251', '6.2473', '5.3035', '5.1016', '4.7566'], num_positive: 80.8000

2024-07-23 15:45:02,122 - INFO - Epoch [1/20][20/408]	lr: 0.00010, eta: 1:26:03, time: 0.153, data_time: 0.056, transfer_time: 0.006, forward_time: 0.031, loss_parse_time: 0.000 memory: 5329, 
2024-07-23 15:45:02,122 - INFO - task : ['car'], loss: 9.4088, hm_loss: 2.9319, loc_loss: 25.9075, loc_loss_elem: ['3.0948', '2.8463', '4.1968', '2.5223', '2.9849', '2.1445', '3.3742', '4.0734', '3.4569', '3.1714'], num_positive: 41.8000
2024-07-23 15:45:02,123 - INFO - task : ['truck', 'construction_vehicle'], loss: 13.0813, hm_loss: 5.9409, loc_loss: 28.5616, loc_loss_elem: ['3.0923', '3.1908', '5.0465', '2.5849', '2.6961', '3.1759', '4.1286', '4.6954', '3.7865', '3.2237'], num_positive: 27.8000
2024-07-23 15:45:02,123 - INFO - task : ['bus', 'trailer'], loss: 17.7789, hm_loss: 9.7379, loc_loss: 32.1638, loc_loss_elem: ['3.7183', '3.2260', '4.6171', '3.9484', '4.3847', '2.7330', '3.6751', '4.7822', '3.7958', '4.0491'], num_positive: 11.0000
2024-07-23 15:45:02,123 - INFO - task : ['barrier'], loss: 10.5984, hm_loss: 3.4783, loc_loss: 28.4806, loc_loss_elem: ['3.7689', '2.9763', '4.9069', '3.3077', '2.4079', '2.8294', '4.5154', '3.7824', '3.3343', '3.2896'], num_positive: 35.0000
2024-07-23 15:45:02,123 - INFO - task : ['motorcycle', 'bicycle'], loss: 10.3052, hm_loss: 3.3912, loc_loss: 27.6559, loc_loss_elem: ['2.5873', '3.7182', '4.1666', '2.3562', '2.9636', '3.4572', '3.5394', '4.1512', '4.0130', '2.8556'], num_positive: 41.4000
2024-07-23 15:45:02,123 - INFO - task : ['pedestrian', 'traffic_cone'], loss: 12.0381, hm_loss: 3.9801, loc_loss: 32.2322, loc_loss_elem: ['4.0122', '4.4105', '4.6616', '2.9094', '3.6013', '2.8747', '4.1171', '3.9577', '4.0950', '4.0526'], num_positive: 59.4000

2024-07-23 15:45:02,850 - INFO - Epoch [1/20][25/408]	lr: 0.00010, eta: 1:12:43, time: 0.145, data_time: 0.046, transfer_time: 0.007, forward_time: 0.032, loss_parse_time: 0.000 memory: 5329, 
2024-07-23 15:45:02,850 - INFO - task : ['car'], loss: 8.3339, hm_loss: 2.7618, loc_loss: 22.2886, loc_loss_elem: ['2.8888', '3.0201', '3.2312', '1.8371', '2.6773', '1.8229', '2.9068', '4.2470', '2.9754', '2.4051'], num_positive: 50.8000
2024-07-23 15:45:02,850 - INFO - task : ['truck', 'construction_vehicle'], loss: 11.0588, hm_loss: 5.0931, loc_loss: 23.8629, loc_loss_elem: ['2.4763', '2.3039', '4.3269', '2.0344', '2.3303', '2.9253', '3.1221', '3.6461', '3.4492', '2.6629'], num_positive: 27.8000
2024-07-23 15:45:02,850 - INFO - task : ['bus', 'trailer'], loss: 14.0838, hm_loss: 6.9520, loc_loss: 28.5273, loc_loss_elem: ['3.4287', '2.9678', '4.2550', '2.4140', '4.3757', '2.5728', '3.9660', '3.2531', '3.3450', '3.7245'], num_positive: 12.8000
2024-07-23 15:45:02,850 - INFO - task : ['barrier'], loss: 9.6533, hm_loss: 4.0289, loc_loss: 22.4976, loc_loss_elem: ['4.2169', '2.3756', '3.9473', '2.1711', '2.0071', '1.7849', '3.6194', '2.6636', '2.4775', '2.2606'], num_positive: 36.8000
2024-07-23 15:45:02,850 - INFO - task : ['motorcycle', 'bicycle'], loss: 8.8273, hm_loss: 3.2117, loc_loss: 22.4624, loc_loss_elem: ['2.1646', '3.0549', '3.7907', '2.1155', '2.1741', '2.5541', '3.0750', '3.1673', '2.8810', '2.4788'], num_positive: 39.8000
2024-07-23 15:45:02,850 - INFO - task : ['pedestrian', 'traffic_cone'], loss: 9.3327, hm_loss: 3.4666, loc_loss: 23.4645, loc_loss_elem: ['2.6567', '2.8282', '3.6178', '2.0140', '2.4626', '2.1898', '2.8026', '2.8898', '3.3629', '3.1940'], num_positive: 65.2000

2024-07-23 15:45:03,374 - INFO - Epoch [1/20][30/408]	lr: 0.00010, eta: 1:02:56, time: 0.105, data_time: 0.009, transfer_time: 0.006, forward_time: 0.030, loss_parse_time: 0.000 memory: 5329, 
2024-07-23 15:45:03,374 - INFO - task : ['car'], loss: 6.8106, hm_loss: 2.8688, loc_loss: 15.7671, loc_loss_elem: ['1.7172', '2.0238', '2.2607', '1.5156', '1.9489', '1.1806', '2.8130', '4.0421', '1.8687', '1.8807'], num_positive: 32.8000
2024-07-23 15:45:03,374 - INFO - task : ['truck', 'construction_vehicle'], loss: 8.7844, hm_loss: 4.6482, loc_loss: 16.5446, loc_loss_elem: ['1.6124', '1.8573', '2.5776', '1.4610', '1.9451', '1.8279', '2.5481', '2.5166', '2.4309', '1.8195'], num_positive: 26.8000
2024-07-23 15:45:03,374 - INFO - task : ['bus', 'trailer'], loss: 11.6732, hm_loss: 5.5239, loc_loss: 24.5972, loc_loss_elem: ['2.8263', '2.1639', '4.1458', '1.6098', '4.3078', '2.0355', '4.7847', '2.7155', '2.7086', '3.2997'], num_positive: 14.6000
2024-07-23 15:45:03,374 - INFO - task : ['barrier'], loss: 6.7184, hm_loss: 2.6547, loc_loss: 16.2547, loc_loss_elem: ['2.6290', '1.6419', '2.5710', '1.5626', '1.5126', '1.4524', '2.1630', '1.8521', '1.9707', '2.1114'], num_positive: 56.6000
2024-07-23 15:45:03,374 - INFO - task : ['motorcycle', 'bicycle'], loss: 7.5284, hm_loss: 3.1681, loc_loss: 17.4410, loc_loss_elem: ['1.7207', '2.5954', '2.6483', '1.6367', '1.7670', '1.9948', '2.5643', '2.2922', '2.2157', '1.8912'], num_positive: 38.0000
2024-07-23 15:45:03,374 - INFO - task : ['pedestrian', 'traffic_cone'], loss: 8.0311, hm_loss: 2.8031, loc_loss: 20.9119, loc_loss_elem: ['2.3110', '2.5847', '3.1211', '2.1606', '2.2019', '1.7436', '2.8005', '2.5407', '2.8361', '2.8847'], num_positive: 80.8000

2024-07-23 15:45:04,019 - INFO - Epoch [1/20][35/408]	lr: 0.00010, eta: 0:56:24, time: 0.129, data_time: 0.030, transfer_time: 0.006, forward_time: 0.031, loss_parse_time: 0.000 memory: 5329, 
2024-07-23 15:45:04,019 - INFO - task : ['car'], loss: 5.9775, hm_loss: 2.8679, loc_loss: 12.4385, loc_loss_elem: ['1.3542', '1.3956', '1.7028', '1.1777', '1.5073', '1.0201', '2.5014', '4.2910', '1.4117', '1.5106'], num_positive: 32.0000
2024-07-23 15:45:04,019 - INFO - task : ['truck', 'construction_vehicle'], loss: 7.3401, hm_loss: 4.3170, loc_loss: 12.0924, loc_loss_elem: ['1.3444', '1.2592', '2.3521', '1.0961', '1.3143', '1.0865', '1.6175', '1.8022', '1.5043', '1.4516'], num_positive: 25.4000
2024-07-23 15:45:04,019 - INFO - task : ['bus', 'trailer'], loss: 9.4303, hm_loss: 4.8949, loc_loss: 18.1417, loc_loss_elem: ['2.0426', '1.8731', '2.9887', '1.4553', '2.7470', '1.4238', '2.5602', '2.4280', '2.2094', '2.4041'], num_positive: 14.0000
2024-07-23 15:45:04,019 - INFO - task : ['barrier'], loss: 6.2762, hm_loss: 3.6169, loc_loss: 10.6372, loc_loss_elem: ['1.6519', '1.1598', '1.6543', '0.9484', '0.8356', '1.0115', '1.9396', '1.3951', '1.3684', '1.3403'], num_positive: 34.4000
2024-07-23 15:45:04,019 - INFO - task : ['motorcycle', 'bicycle'], loss: 6.2158, hm_loss: 3.0391, loc_loss: 12.7070, loc_loss_elem: ['1.4146', '1.3458', '1.9843', '1.0521', '1.2654', '1.4979', '2.0195', '2.7241', '1.6781', '1.5200'], num_positive: 40.4000
2024-07-23 15:45:04,019 - INFO - task : ['pedestrian', 'traffic_cone'], loss: 6.7932, hm_loss: 3.7153, loc_loss: 12.3115, loc_loss_elem: ['1.2781', '1.2401', '1.7300', '1.2701', '1.2092', '0.9947', '1.5996', '1.4084', '2.1594', '1.8282'], num_positive: 44.0000

2024-07-23 15:45:04,645 - INFO - Epoch [1/20][40/408]	lr: 0.00010, eta: 0:51:27, time: 0.126, data_time: 0.030, transfer_time: 0.006, forward_time: 0.030, loss_parse_time: 0.000 memory: 5329, 
2024-07-23 15:45:04,645 - INFO - task : ['car'], loss: 5.7717, hm_loss: 2.7333, loc_loss: 12.1535, loc_loss_elem: ['1.2616', '1.4718', '2.0867', '1.1687', '1.3500', '1.0453', '2.5079', '2.2769', '1.4443', '1.3680'], num_positive: 43.0000
2024-07-23 15:45:04,645 - INFO - task : ['truck', 'construction_vehicle'], loss: 6.4597, hm_loss: 4.1352, loc_loss: 9.2982, loc_loss_elem: ['0.8968', '1.1799', '1.6268', '0.7727', '1.0046', '0.8531', '1.3805', '1.2860', '1.1938', '1.2372'], num_positive: 23.0000
2024-07-23 15:45:04,645 - INFO - task : ['bus', 'trailer'], loss: 8.0721, hm_loss: 4.2279, loc_loss: 15.3771, loc_loss_elem: ['1.5526', '1.9668', '2.3578', '0.9149', '2.5884', '1.1040', '2.8153', '2.1400', '2.0000', '1.9016'], num_positive: 15.0000
2024-07-23 15:45:04,645 - INFO - task : ['barrier'], loss: 4.8314, hm_loss: 2.8145, loc_loss: 8.0675, loc_loss_elem: ['0.9041', '0.9016', '1.6744', '0.7224', '0.6645', '0.7176', '1.0693', '1.1019', '1.1541', '0.8945'], num_positive: 41.0000
2024-07-23 15:45:04,645 - INFO - task : ['motorcycle', 'bicycle'], loss: 5.2446, hm_loss: 2.9478, loc_loss: 9.1872, loc_loss_elem: ['0.8210', '1.1462', '1.5308', '0.6372', '0.7397', '1.1101', '1.7213', '2.0361', '1.3260', '1.1247'], num_positive: 40.4000
2024-07-23 15:45:04,645 - INFO - task : ['pedestrian', 'traffic_cone'], loss: 5.2698, hm_loss: 2.8300, loc_loss: 9.7594, loc_loss_elem: ['1.0088', '1.1098', '1.5541', '0.9789', '0.8564', '0.9122', '1.6074', '1.5075', '1.3166', '1.3996'], num_positive: 63.4000

2024-07-23 15:45:05,156 - INFO - Epoch [1/20][45/408]	lr: 0.00010, eta: 0:47:14, time: 0.102, data_time: 0.007, transfer_time: 0.006, forward_time: 0.029, loss_parse_time: 0.000 memory: 5329, 
2024-07-23 15:45:05,156 - INFO - task : ['car'], loss: 4.6123, hm_loss: 2.7358, loc_loss: 7.5061, loc_loss_elem: ['0.8169', '0.7477', '1.3704', '0.5509', '0.8634', '0.4982', '1.8685', '1.1690', '1.0550', '0.9962'], num_positive: 41.8000
2024-07-23 15:45:05,156 - INFO - task : ['truck', 'construction_vehicle'], loss: 5.2385, hm_loss: 3.4444, loc_loss: 7.1765, loc_loss_elem: ['0.7365', '0.7507', '1.3838', '0.7038', '0.7207', '0.6722', '1.0425', '0.8954', '0.7982', '1.0230'], num_positive: 29.4000
2024-07-23 15:45:05,156 - INFO - task : ['bus', 'trailer'], loss: 6.8095, hm_loss: 4.0531, loc_loss: 11.0260, loc_loss_elem: ['1.0516', '0.9756', '1.9112', '0.8893', '2.4542', '0.7859', '2.2910', '1.6631', '0.9029', '1.2644'], num_positive: 14.6000
2024-07-23 15:45:05,156 - INFO - task : ['barrier'], loss: 5.2313, hm_loss: 2.7820, loc_loss: 9.7972, loc_loss_elem: ['0.9677', '0.9507', '2.0244', '0.8314', '0.7231', '0.8629', '1.4736', '1.0656', '1.7078', '1.2214'], num_positive: 41.4000
2024-07-23 15:45:05,156 - INFO - task : ['motorcycle', 'bicycle'], loss: 5.0438, hm_loss: 2.9400, loc_loss: 8.4151, loc_loss_elem: ['0.9524', '1.0628', '1.2157', '0.6509', '0.6178', '0.8961', '1.8040', '2.4380', '1.0870', '1.0840'], num_positive: 40.8000
2024-07-23 15:45:05,156 - INFO - task : ['pedestrian', 'traffic_cone'], loss: 4.1428, hm_loss: 2.6863, loc_loss: 5.8262, loc_loss_elem: ['0.6139', '0.6510', '1.0965', '0.4617', '0.4457', '0.5279', '0.9276', '0.9060', '0.8417', '0.8211'], num_positive: 72.2000

2024-07-23 15:45:05,791 - INFO - Epoch [1/20][50/408]	lr: 0.00010, eta: 0:44:12, time: 0.126, data_time: 0.027, transfer_time: 0.006, forward_time: 0.033, loss_parse_time: 0.000 memory: 5329, 
2024-07-23 15:45:05,792 - INFO - task : ['car'], loss: 4.1377, hm_loss: 2.6169, loc_loss: 6.0830, loc_loss_elem: ['0.5899', '0.6275', '1.1602', '0.4106', '0.5484', '0.4167', '1.2092', '1.3900', '0.9220', '0.8879'], num_positive: 62.8000
2024-07-23 15:45:05,792 - INFO - task : ['truck', 'construction_vehicle'], loss: 4.8331, hm_loss: 3.3800, loc_loss: 5.8125, loc_loss_elem: ['0.5547', '0.4518', '1.2632', '0.4595', '0.3875', '0.5280', '0.7599', '1.0616', '0.8757', '0.9280'], num_positive: 27.6000
2024-07-23 15:45:05,792 - INFO - task : ['bus', 'trailer'], loss: 6.0252, hm_loss: 3.8512, loc_loss: 8.6962, loc_loss_elem: ['0.8136', '0.9720', '1.2864', '0.6395', '1.4935', '0.6015', '2.1945', '1.6710', '0.8689', '1.2477'], num_positive: 14.2000
2024-07-23 15:45:05,792 - INFO - task : ['barrier'], loss: 4.5320, hm_loss: 3.4376, loc_loss: 4.3775, loc_loss_elem: ['0.3932', '0.4045', '1.0214', '0.3642', '0.2626', '0.3501', '0.5417', '0.3543', '0.7682', '0.6342'], num_positive: 38.6000
2024-07-23 15:45:05,792 - INFO - task : ['motorcycle', 'bicycle'], loss: 4.5892, hm_loss: 2.9616, loc_loss: 6.5104, loc_loss_elem: ['0.6229', '0.6584', '1.1551', '0.5112', '0.4510', '0.5750', '1.2751', '1.6846', '1.0773', '0.8676'], num_positive: 37.0000
2024-07-23 15:45:05,792 - INFO - task : ['pedestrian', 'traffic_cone'], loss: 3.9153, hm_loss: 2.7515, loc_loss: 4.6551, loc_loss_elem: ['0.4413', '0.4029', '0.8296', '0.3551', '0.3836', '0.4301', '0.5629', '0.5325', '0.7861', '0.8074'], num_positive: 78.8000

2024-07-23 15:45:06,349 - INFO - Epoch [1/20][55/408]	lr: 0.00010, eta: 0:41:32, time: 0.112, data_time: 0.014, transfer_time: 0.006, forward_time: 0.032, loss_parse_time: 0.000 memory: 5329, 
2024-07-23 15:45:06,350 - INFO - task : ['car'], loss: 4.3145, hm_loss: 2.8540, loc_loss: 5.8423, loc_loss_elem: ['0.5181', '0.6210', '1.1355', '0.3352', '0.4461', '0.3499', '1.9508', '2.7116', '0.6798', '0.8241'], num_positive: 27.8000
2024-07-23 15:45:06,350 - INFO - task : ['truck', 'construction_vehicle'], loss: 4.4088, hm_loss: 3.2165, loc_loss: 4.7692, loc_loss_elem: ['0.4059', '0.4002', '1.1487', '0.2717', '0.3811', '0.3888', '0.8697', '1.1032', '0.5987', '0.7795'], num_positive: 29.2000
2024-07-23 15:45:06,350 - INFO - task : ['bus', 'trailer'], loss: 5.2414, hm_loss: 3.4385, loc_loss: 7.2115, loc_loss_elem: ['0.4830', '0.5845', '1.5490', '0.4191', '1.1796', '0.3850', '2.4927', '1.4895', '0.8414', '0.9735'], num_positive: 18.0000
2024-07-23 15:45:06,350 - INFO - task : ['barrier'], loss: 3.5530, hm_loss: 2.5830, loc_loss: 3.8802, loc_loss_elem: ['0.3131', '0.3304', '0.8639', '0.3161', '0.2723', '0.2440', '0.3056', '0.2356', '0.8542', '0.5780'], num_positive: 61.8000
2024-07-23 15:45:06,350 - INFO - task : ['motorcycle', 'bicycle'], loss: 4.3792, hm_loss: 2.9721, loc_loss: 5.6286, loc_loss_elem: ['0.4918', '0.6270', '0.9460', '0.3656', '0.4011', '0.5652', '0.9518', '0.8854', '1.1658', '0.6987'], num_positive: 35.6000
2024-07-23 15:45:06,350 - INFO - task : ['pedestrian', 'traffic_cone'], loss: 3.8480, hm_loss: 2.6708, loc_loss: 4.7088, loc_loss_elem: ['0.4256', '0.4601', '0.9292', '0.3354', '0.3710', '0.4171', '0.7271', '0.6357', '0.7085', '0.7893'], num_positive: 83.8000

2024-07-23 15:45:06,980 - INFO - Epoch [1/20][60/408]	lr: 0.00010, eta: 0:39:29, time: 0.127, data_time: 0.031, transfer_time: 0.006, forward_time: 0.030, loss_parse_time: 0.000 memory: 5329, 
2024-07-23 15:45:06,980 - INFO - task : ['car'], loss: 4.1876, hm_loss: 2.7921, loc_loss: 5.5820, loc_loss_elem: ['0.5023', '0.4061', '1.2604', '0.2911', '0.4825', '0.2978', '2.2374', '2.6700', '0.6264', '0.7340'], num_positive: 31.6000
2024-07-23 15:45:06,981 - INFO - task : ['truck', 'construction_vehicle'], loss: 4.2128, hm_loss: 3.1224, loc_loss: 4.3616, loc_loss_elem: ['0.4371', '0.3228', '1.1155', '0.2497', '0.3272', '0.3038', '0.7298', '0.8869', '0.5749', '0.7073'], num_positive: 29.8000
2024-07-23 15:45:06,981 - INFO - task : ['bus', 'trailer'], loss: 5.2620, hm_loss: 3.6350, loc_loss: 6.5077, loc_loss_elem: ['0.5602', '0.5852', '1.2374', '0.3464', '1.0394', '0.5270', '1.3167', '1.4436', '0.6596', '1.0004'], num_positive: 12.2000
2024-07-23 15:45:06,981 - INFO - task : ['barrier'], loss: 3.6662, hm_loss: 2.7422, loc_loss: 3.6958, loc_loss_elem: ['0.3231', '0.2979', '0.7950', '0.3371', '0.2595', '0.2403', '0.2195', '0.1393', '0.8974', '0.4736'], num_positive: 47.0000
2024-07-23 15:45:06,981 - INFO - task : ['motorcycle', 'bicycle'], loss: 4.1432, hm_loss: 2.8836, loc_loss: 5.0382, loc_loss_elem: ['0.4346', '0.4778', '0.9953', '0.4335', '0.2236', '0.4048', '1.3494', '1.5222', '0.7625', '0.7318'], num_positive: 38.6000
2024-07-23 15:45:06,981 - INFO - task : ['pedestrian', 'traffic_cone'], loss: 3.8891, hm_loss: 2.8389, loc_loss: 4.2007, loc_loss_elem: ['0.3373', '0.3959', '0.6554', '0.3028', '0.3222', '0.3808', '0.6359', '0.4152', '0.6967', '0.8993'], num_positive: 60.8000

2024-07-23 15:45:07,606 - INFO - Epoch [1/20][65/408]	lr: 0.00010, eta: 0:37:42, time: 0.123, data_time: 0.025, transfer_time: 0.006, forward_time: 0.031, loss_parse_time: 0.000 memory: 5329, 
2024-07-23 15:45:07,606 - INFO - task : ['car'], loss: 3.9883, hm_loss: 2.6539, loc_loss: 5.3373, loc_loss_elem: ['0.5389', '0.4019', '1.2919', '0.3267', '0.4591', '0.2075', '1.4013', '2.0511', '0.7018', '0.7190'], num_positive: 53.8000
2024-07-23 15:45:07,607 - INFO - task : ['truck', 'construction_vehicle'], loss: 4.3267, hm_loss: 3.1840, loc_loss: 4.5710, loc_loss_elem: ['0.4055', '0.3828', '1.1139', '0.2297', '0.3786', '0.4162', '0.7113', '0.6845', '0.6291', '0.7361'], num_positive: 26.4000
2024-07-23 15:45:07,607 - INFO - task : ['bus', 'trailer'], loss: 4.8042, hm_loss: 3.5139, loc_loss: 5.1610, loc_loss_elem: ['0.4247', '0.5144', '1.0082', '0.2947', '0.6846', '0.2692', '0.9944', '0.8011', '0.6014', '1.0048'], num_positive: 13.8000
2024-07-23 15:45:07,607 - INFO - task : ['barrier'], loss: 3.7139, hm_loss: 2.7570, loc_loss: 3.8275, loc_loss_elem: ['0.3485', '0.2953', '0.8205', '0.3010', '0.2778', '0.1891', '0.1952', '0.1308', '0.9507', '0.5794'], num_positive: 39.2000
2024-07-23 15:45:07,607 - INFO - task : ['motorcycle', 'bicycle'], loss: 3.8501, hm_loss: 2.9010, loc_loss: 3.7966, loc_loss_elem: ['0.3258', '0.3191', '0.7034', '0.2370', '0.1939', '0.2178', '1.0837', '1.2850', '0.6386', '0.6872'], num_positive: 36.8000
2024-07-23 15:45:07,607 - INFO - task : ['pedestrian', 'traffic_cone'], loss: 3.8992, hm_loss: 2.9323, loc_loss: 3.8678, loc_loss_elem: ['0.2808', '0.3131', '0.7807', '0.2900', '0.3783', '0.3650', '0.5169', '0.3494', '0.6334', '0.6534'], num_positive: 52.6000

2024-07-23 15:45:08,121 - INFO - Epoch [1/20][70/408]	lr: 0.00010, eta: 0:35:59, time: 0.104, data_time: 0.010, transfer_time: 0.006, forward_time: 0.030, loss_parse_time: 0.000 memory: 5329, 
2024-07-23 15:45:08,121 - INFO - task : ['car'], loss: 3.7879, hm_loss: 2.6571, loc_loss: 4.5230, loc_loss_elem: ['0.4225', '0.3642', '1.0180', '0.2346', '0.2527', '0.2633', '1.6197', '1.2941', '0.7152', '0.6698'], num_positive: 46.6000
2024-07-23 15:45:08,121 - INFO - task : ['truck', 'construction_vehicle'], loss: 4.1545, hm_loss: 3.1491, loc_loss: 4.0217, loc_loss_elem: ['0.2751', '0.3245', '1.1725', '0.1814', '0.2843', '0.2263', '0.8378', '0.7305', '0.5636', '0.6803'], num_positive: 25.0000
2024-07-23 15:45:08,122 - INFO - task : ['bus', 'trailer'], loss: 4.7531, hm_loss: 3.3109, loc_loss: 5.7689, loc_loss_elem: ['0.3843', '0.4722', '1.1684', '0.3555', '1.0957', '0.4081', '1.5285', '0.9802', '0.5175', '0.8654'], num_positive: 18.8000
2024-07-23 15:45:08,122 - INFO - task : ['barrier'], loss: 3.6883, hm_loss: 2.8334, loc_loss: 3.4195, loc_loss_elem: ['0.3361', '0.3080', '0.8356', '0.3393', '0.2651', '0.1149', '0.1659', '0.0888', '0.6847', '0.4849'], num_positive: 30.0000
2024-07-23 15:45:08,122 - INFO - task : ['motorcycle', 'bicycle'], loss: 3.7844, hm_loss: 2.8278, loc_loss: 3.8263, loc_loss_elem: ['0.3120', '0.3017', '0.6877', '0.2444', '0.1789', '0.2076', '1.3313', '1.8156', '0.6684', '0.5961'], num_positive: 39.8000
2024-07-23 15:45:08,122 - INFO - task : ['pedestrian', 'traffic_cone'], loss: 3.8505, hm_loss: 2.9234, loc_loss: 3.7083, loc_loss_elem: ['0.2760', '0.2869', '0.5297', '0.2844', '0.3910', '0.4230', '0.6449', '0.2952', '0.6724', '0.6570'], num_positive: 55.2000

2024-07-23 15:45:08,741 - INFO - Epoch [1/20][75/408]	lr: 0.00010, eta: 0:34:40, time: 0.124, data_time: 0.029, transfer_time: 0.006, forward_time: 0.030, loss_parse_time: 0.000 memory: 5329, 
2024-07-23 15:45:08,741 - INFO - task : ['car'], loss: 3.8164, hm_loss: 2.7348, loc_loss: 4.3266, loc_loss_elem: ['0.4149', '0.3348', '1.0630', '0.1822', '0.2137', '0.2469', '1.3988', '1.4052', '0.6052', '0.7051'], num_positive: 34.4000
2024-07-23 15:45:08,741 - INFO - task : ['truck', 'construction_vehicle'], loss: 4.0684, hm_loss: 3.0522, loc_loss: 4.0650, loc_loss_elem: ['0.3218', '0.3426', '1.0622', '0.3128', '0.2759', '0.2094', '0.7539', '0.7569', '0.5196', '0.7184'], num_positive: 28.0000
2024-07-23 15:45:08,741 - INFO - task : ['bus', 'trailer'], loss: 4.7891, hm_loss: 3.3849, loc_loss: 5.6168, loc_loss_elem: ['0.4319', '0.3532', '1.1871', '0.3056', '1.1831', '0.2282', '1.3312', '0.7296', '0.7014', '0.8141'], num_positive: 16.2000
2024-07-23 15:45:08,741 - INFO - task : ['barrier'], loss: 3.6810, hm_loss: 2.7667, loc_loss: 3.6574, loc_loss_elem: ['0.3344', '0.3130', '0.8352', '0.3407', '0.2409', '0.1602', '0.1665', '0.1427', '0.8643', '0.5069'], num_positive: 44.4000
2024-07-23 15:45:08,741 - INFO - task : ['motorcycle', 'bicycle'], loss: 3.7914, hm_loss: 2.8143, loc_loss: 3.9082, loc_loss_elem: ['0.3352', '0.3372', '0.6568', '0.2573', '0.1674', '0.2132', '1.2642', '1.6790', '0.6412', '0.7113'], num_positive: 39.6000
2024-07-23 15:45:08,741 - INFO - task : ['pedestrian', 'traffic_cone'], loss: 3.7563, hm_loss: 2.7676, loc_loss: 3.9547, loc_loss_elem: ['0.2943', '0.3846', '0.6510', '0.2905', '0.3180', '0.4740', '0.5572', '0.3767', '0.7191', '0.6365'], num_positive: 63.6000

2024-07-23 15:45:09,372 - INFO - Epoch [1/20][80/408]	lr: 0.00010, eta: 0:33:33, time: 0.126, data_time: 0.029, transfer_time: 0.007, forward_time: 0.032, loss_parse_time: 0.000 memory: 5329, 
2024-07-23 15:45:09,372 - INFO - task : ['car'], loss: 3.7719, hm_loss: 2.6690, loc_loss: 4.4118, loc_loss_elem: ['0.3544', '0.3160', '0.9512', '0.1706', '0.2213', '0.2545', '1.3474', '2.5020', '0.6535', '0.7204'], num_positive: 43.6000
2024-07-23 15:45:09,372 - INFO - task : ['truck', 'construction_vehicle'], loss: 4.0907, hm_loss: 3.0802, loc_loss: 4.0418, loc_loss_elem: ['0.3342', '0.3247', '1.0466', '0.2472', '0.3428', '0.2480', '0.4677', '0.5732', '0.5154', '0.7747'], num_positive: 25.8000
2024-07-23 15:45:09,372 - INFO - task : ['bus', 'trailer'], loss: 4.9051, hm_loss: 3.4609, loc_loss: 5.7768, loc_loss_elem: ['0.4189', '0.4393', '1.1956', '0.3399', '1.0524', '0.2744', '1.1117', '0.7289', '0.7248', '0.9633'], num_positive: 13.4000
2024-07-23 15:45:09,372 - INFO - task : ['barrier'], loss: 3.4925, hm_loss: 2.6143, loc_loss: 3.5128, loc_loss_elem: ['0.2849', '0.2635', '0.8444', '0.2068', '0.2420', '0.1221', '0.1355', '0.1558', '1.0915', '0.3994'], num_positive: 47.8000
2024-07-23 15:45:09,372 - INFO - task : ['motorcycle', 'bicycle'], loss: 3.7950, hm_loss: 2.8033, loc_loss: 3.9668, loc_loss_elem: ['0.3168', '0.2755', '0.6776', '0.2703', '0.2031', '0.2131', '1.4529', '1.7981', '0.6559', '0.7043'], num_positive: 41.4000
2024-07-23 15:45:09,373 - INFO - task : ['pedestrian', 'traffic_cone'], loss: 3.5776, hm_loss: 2.6570, loc_loss: 3.6823, loc_loss_elem: ['0.2864', '0.3119', '0.6641', '0.2703', '0.3193', '0.3259', '0.5043', '0.5125', '0.6623', '0.6387'], num_positive: 68.4000

2024-07-23 15:45:09,885 - INFO - Epoch [1/20][85/408]	lr: 0.00010, eta: 0:32:23, time: 0.104, data_time: 0.010, transfer_time: 0.006, forward_time: 0.029, loss_parse_time: 0.000 memory: 5329, 
2024-07-23 15:45:09,885 - INFO - task : ['car'], loss: 3.7196, hm_loss: 2.6154, loc_loss: 4.4168, loc_loss_elem: ['0.4697', '0.3362', '1.1503', '0.2002', '0.2346', '0.1863', '1.3909', '1.0481', '0.6797', '0.6720'], num_positive: 49.2000
2024-07-23 15:45:09,885 - INFO - task : ['truck', 'construction_vehicle'], loss: 3.9660, hm_loss: 3.0203, loc_loss: 3.7829, loc_loss_elem: ['0.3124', '0.3357', '1.0045', '0.2002', '0.2802', '0.2391', '0.5299', '0.4294', '0.4639', '0.7551'], num_positive: 25.6000
2024-07-23 15:45:09,885 - INFO - task : ['bus', 'trailer'], loss: 4.4417, hm_loss: 3.3944, loc_loss: 4.1893, loc_loss_elem: ['0.3630', '0.2881', '0.8704', '0.2260', '0.6873', '0.1902', '1.0239', '0.4784', '0.5308', '0.7330'], num_positive: 12.0000
2024-07-23 15:45:09,885 - INFO - task : ['barrier'], loss: 3.5958, hm_loss: 2.7014, loc_loss: 3.5776, loc_loss_elem: ['0.3016', '0.2668', '0.8228', '0.2546', '0.3562', '0.1240', '0.1405', '0.0721', '0.9586', '0.4505'], num_positive: 29.0000
2024-07-23 15:45:09,885 - INFO - task : ['motorcycle', 'bicycle'], loss: 3.8302, hm_loss: 2.7927, loc_loss: 4.1501, loc_loss_elem: ['0.3586', '0.2533', '0.7619', '0.2472', '0.1833', '0.2065', '1.2863', '1.7158', '0.6672', '0.8717'], num_positive: 38.8000
2024-07-23 15:45:09,885 - INFO - task : ['pedestrian', 'traffic_cone'], loss: 3.6046, hm_loss: 2.7025, loc_loss: 3.6085, loc_loss_elem: ['0.2684', '0.3473', '0.6999', '0.2205', '0.3184', '0.3276', '0.5872', '0.3861', '0.6127', '0.6190'], num_positive: 60.2000

2024-07-23 15:45:10,492 - INFO - Epoch [1/20][90/408]	lr: 0.00010, eta: 0:31:28, time: 0.122, data_time: 0.026, transfer_time: 0.006, forward_time: 0.030, loss_parse_time: 0.000 memory: 5329, 
2024-07-23 15:45:10,492 - INFO - task : ['car'], loss: 3.9010, hm_loss: 2.7123, loc_loss: 4.7547, loc_loss_elem: ['0.4134', '0.3684', '1.0038', '0.1980', '0.2197', '0.2415', '1.8388', '2.6588', '0.6401', '0.7704'], num_positive: 32.2000
2024-07-23 15:45:10,492 - INFO - task : ['truck', 'construction_vehicle'], loss: 3.9786, hm_loss: 2.9871, loc_loss: 3.9660, loc_loss_elem: ['0.3884', '0.3090', '0.9446', '0.1767', '0.2999', '0.1938', '1.0696', '0.7253', '0.6179', '0.6768'], num_positive: 24.8000
2024-07-23 15:45:10,492 - INFO - task : ['bus', 'trailer'], loss: 4.4501, hm_loss: 3.2981, loc_loss: 4.6078, loc_loss_elem: ['0.3145', '0.3165', '0.8601', '0.2559', '0.6772', '0.1910', '1.6586', '0.9984', '0.7016', '0.7596'], num_positive: 14.4000
2024-07-23 15:45:10,492 - INFO - task : ['barrier'], loss: 3.3059, hm_loss: 2.4769, loc_loss: 3.3162, loc_loss_elem: ['0.2758', '0.2756', '0.7988', '0.2002', '0.1981', '0.1044', '0.1468', '0.0964', '0.8330', '0.5818'], num_positive: 49.8000
2024-07-23 15:45:10,493 - INFO - task : ['motorcycle', 'bicycle'], loss: 3.6488, hm_loss: 2.7097, loc_loss: 3.7563, loc_loss_elem: ['0.2956', '0.3141', '0.6901', '0.2353', '0.1791', '0.1938', '1.1713', '1.3731', '0.6684', '0.6711'], num_positive: 41.8000
2024-07-23 15:45:10,493 - INFO - task : ['pedestrian', 'traffic_cone'], loss: 3.4890, hm_loss: 2.5757, loc_loss: 3.6534, loc_loss_elem: ['0.2603', '0.2875', '0.6718', '0.2543', '0.3106', '0.3302', '0.5850', '0.5191', '0.6813', '0.6366'], num_positive: 61.8000

2024-07-23 15:45:11,028 - INFO - Epoch [1/20][95/408]	lr: 0.00010, eta: 0:30:32, time: 0.106, data_time: 0.009, transfer_time: 0.006, forward_time: 0.030, loss_parse_time: 0.000 memory: 5329, 
2024-07-23 15:45:11,028 - INFO - task : ['car'], loss: 3.7098, hm_loss: 2.6955, loc_loss: 4.0571, loc_loss_elem: ['0.3380', '0.3183', '1.0080', '0.1388', '0.2082', '0.1848', '1.3658', '1.4875', '0.6447', '0.6456'], num_positive: 31.4000
2024-07-23 15:45:11,028 - INFO - task : ['truck', 'construction_vehicle'], loss: 3.9734, hm_loss: 2.9173, loc_loss: 4.2242, loc_loss_elem: ['0.3778', '0.3962', '1.0016', '0.2734', '0.3513', '0.2353', '0.6411', '0.5056', '0.6787', '0.6807'], num_positive: 29.6000
2024-07-23 15:45:11,028 - INFO - task : ['bus', 'trailer'], loss: 4.4475, hm_loss: 3.3108, loc_loss: 4.5469, loc_loss_elem: ['0.3125', '0.3489', '0.9195', '0.2156', '0.8503', '0.2335', '1.5409', '0.7521', '0.4227', '0.7853'], num_positive: 13.2000
2024-07-23 15:45:11,028 - INFO - task : ['barrier'], loss: 3.1828, hm_loss: 2.2986, loc_loss: 3.5368, loc_loss_elem: ['0.2808', '0.2920', '0.7924', '0.1665', '0.3187', '0.1681', '0.1317', '0.0940', '0.9020', '0.5711'], num_positive: 63.6000
2024-07-23 15:45:11,028 - INFO - task : ['motorcycle', 'bicycle'], loss: 3.6606, hm_loss: 2.7150, loc_loss: 3.7827, loc_loss_elem: ['0.2995', '0.2686', '0.7994', '0.2454', '0.1865', '0.2197', '0.9195', '1.2426', '0.6573', '0.6740'], num_positive: 41.6000
2024-07-23 15:45:11,028 - INFO - task : ['pedestrian', 'traffic_cone'], loss: 3.3118, hm_loss: 2.4003, loc_loss: 3.6460, loc_loss_elem: ['0.2862', '0.3203', '0.7270', '0.2175', '0.2550', '0.3434', '0.4876', '0.4315', '0.6621', '0.6507'], num_positive: 93.4000

2024-07-23 15:45:11,640 - INFO - Epoch [1/20][100/408]	lr: 0.00010, eta: 0:29:49, time: 0.122, data_time: 0.025, transfer_time: 0.007, forward_time: 0.032, loss_parse_time: 0.000 memory: 5329, 
2024-07-23 15:45:11,641 - INFO - task : ['car'], loss: 3.5717, hm_loss: 2.5485, loc_loss: 4.0929, loc_loss_elem: ['0.3639', '0.3085', '1.1197', '0.1850', '0.2060', '0.1681', '0.9817', '1.0621', '0.7239', '0.6090'], num_positive: 65.0000
2024-07-23 15:45:11,641 - INFO - task : ['truck', 'construction_vehicle'], loss: 3.8739, hm_loss: 2.9115, loc_loss: 3.8497, loc_loss_elem: ['0.3336', '0.2807', '0.9894', '0.1557', '0.2823', '0.2640', '0.5824', '0.4316', '0.5766', '0.7646'], num_positive: 28.2000
2024-07-23 15:45:11,641 - INFO - task : ['bus', 'trailer'], loss: 4.3941, hm_loss: 3.2079, loc_loss: 4.7447, loc_loss_elem: ['0.2934', '0.3300', '1.1716', '0.2503', '0.8049', '0.1953', '0.9252', '0.7027', '0.4706', '0.9029'], num_positive: 16.2000
2024-07-23 15:45:11,641 - INFO - task : ['barrier'], loss: 3.2898, hm_loss: 2.4807, loc_loss: 3.2365, loc_loss_elem: ['0.2603', '0.2965', '0.6665', '0.1731', '0.2608', '0.1571', '0.1438', '0.0802', '0.7731', '0.6042'], num_positive: 49.4000
2024-07-23 15:45:11,641 - INFO - task : ['motorcycle', 'bicycle'], loss: 3.8052, hm_loss: 2.7786, loc_loss: 4.1062, loc_loss_elem: ['0.2754', '0.4068', '0.8062', '0.3024', '0.1911', '0.2336', '1.3400', '1.7408', '0.6710', '0.6036'], num_positive: 36.6000
2024-07-23 15:45:11,641 - INFO - task : ['pedestrian', 'traffic_cone'], loss: 3.5114, hm_loss: 2.6001, loc_loss: 3.6454, loc_loss_elem: ['0.2965', '0.3068', '0.6316', '0.2507', '0.3547', '0.3719', '0.4291', '0.3517', '0.6029', '0.6740'], num_positive: 64.2000

2024-07-23 15:45:12,252 - INFO - Epoch [1/20][105/408]	lr: 0.00010, eta: 0:29:10, time: 0.123, data_time: 0.025, transfer_time: 0.007, forward_time: 0.032, loss_parse_time: 0.000 memory: 5410, 
2024-07-23 15:45:12,252 - INFO - task : ['car'], loss: 3.6139, hm_loss: 2.6133, loc_loss: 4.0024, loc_loss_elem: ['0.3276', '0.3363', '0.8253', '0.1623', '0.1241', '0.1782', '1.4342', '2.2023', '0.5754', '0.7459'], num_positive: 38.4000
2024-07-23 15:45:12,252 - INFO - task : ['truck', 'construction_vehicle'], loss: 3.8563, hm_loss: 2.8882, loc_loss: 3.8721, loc_loss_elem: ['0.3452', '0.3118', '0.9626', '0.1882', '0.3190', '0.2253', '0.8179', '0.5940', '0.5347', '0.7030'], num_positive: 28.8000
2024-07-23 15:45:12,252 - INFO - task : ['bus', 'trailer'], loss: 4.3076, hm_loss: 3.2036, loc_loss: 4.4159, loc_loss_elem: ['0.3258', '0.3128', '1.0132', '0.1896', '0.6902', '0.1905', '1.0147', '0.8739', '0.5205', '0.7955'], num_positive: 15.0000
2024-07-23 15:45:12,252 - INFO - task : ['barrier'], loss: 3.9376, hm_loss: 3.2079, loc_loss: 2.9185, loc_loss_elem: ['0.2537', '0.2386', '0.5867', '0.2355', '0.2625', '0.1109', '0.1084', '0.0625', '0.7601', '0.4363'], num_positive: 35.6000
2024-07-23 15:45:12,252 - INFO - task : ['motorcycle', 'bicycle'], loss: 3.6736, hm_loss: 2.7529, loc_loss: 3.6826, loc_loss_elem: ['0.2613', '0.2931', '0.7014', '0.2346', '0.1971', '0.1946', '1.1207', '1.5050', '0.6045', '0.6708'], num_positive: 37.8000
2024-07-23 15:45:12,252 - INFO - task : ['pedestrian', 'traffic_cone'], loss: 3.4998, hm_loss: 2.6460, loc_loss: 3.4153, loc_loss_elem: ['0.2656', '0.2796', '0.6007', '0.2023', '0.2889', '0.3209', '0.4949', '0.5101', '0.6107', '0.6458'], num_positive: 67.6000

2024-07-23 15:45:12,778 - INFO - Epoch [1/20][110/408]	lr: 0.00010, eta: 0:28:28, time: 0.105, data_time: 0.010, transfer_time: 0.006, forward_time: 0.030, loss_parse_time: 0.000 memory: 5410, 
2024-07-23 15:45:12,778 - INFO - task : ['car'], loss: 3.7227, hm_loss: 2.7029, loc_loss: 4.0789, loc_loss_elem: ['0.3314', '0.3478', '0.9067', '0.1601', '0.1633', '0.1749', '1.6976', '1.6664', '0.6311', '0.6908'], num_positive: 34.4000
2024-07-23 15:45:12,778 - INFO - task : ['truck', 'construction_vehicle'], loss: 3.8170, hm_loss: 2.8842, loc_loss: 3.7312, loc_loss_elem: ['0.2918', '0.2662', '0.9342', '0.1738', '0.2841', '0.2386', '0.6364', '0.5287', '0.5750', '0.7346'], num_positive: 26.8000
2024-07-23 15:45:12,778 - INFO - task : ['bus', 'trailer'], loss: 4.4821, hm_loss: 3.2553, loc_loss: 4.9069, loc_loss_elem: ['0.2870', '0.3373', '1.1169', '0.2308', '0.8881', '0.1609', '1.6047', '0.7790', '0.6256', '0.7836'], num_positive: 15.2000
2024-07-23 15:45:12,778 - INFO - task : ['barrier'], loss: 3.1888, hm_loss: 2.4500, loc_loss: 2.9551, loc_loss_elem: ['0.2414', '0.3343', '0.5492', '0.1587', '0.2399', '0.1487', '0.1044', '0.0607', '0.7476', '0.5024'], num_positive: 43.4000
2024-07-23 15:45:12,779 - INFO - task : ['motorcycle', 'bicycle'], loss: 3.7764, hm_loss: 2.7161, loc_loss: 4.2410, loc_loss_elem: ['0.3065', '0.3182', '0.9001', '0.2794', '0.1843', '0.2607', '1.2331', '1.5655', '0.6732', '0.7589'], num_positive: 40.0000
2024-07-23 15:45:12,779 - INFO - task : ['pedestrian', 'traffic_cone'], loss: 3.3232, hm_loss: 2.4237, loc_loss: 3.5982, loc_loss_elem: ['0.2793', '0.2575', '0.7037', '0.2614', '0.2928', '0.3663', '0.3936', '0.3790', '0.5995', '0.6833'], num_positive: 84.0000

2024-07-23 15:45:13,401 - INFO - Epoch [1/20][115/408]	lr: 0.00010, eta: 0:27:56, time: 0.124, data_time: 0.027, transfer_time: 0.007, forward_time: 0.032, loss_parse_time: 0.000 memory: 5410, 
2024-07-23 15:45:13,401 - INFO - task : ['car'], loss: 3.7879, hm_loss: 2.7384, loc_loss: 4.1982, loc_loss_elem: ['0.3437', '0.2789', '1.0226', '0.1589', '0.2098', '0.1727', '1.3554', '1.9844', '0.6706', '0.6729'], num_positive: 32.8000
2024-07-23 15:45:13,401 - INFO - task : ['truck', 'construction_vehicle'], loss: 3.8565, hm_loss: 2.8647, loc_loss: 3.9671, loc_loss_elem: ['0.3073', '0.2807', '1.1565', '0.1893', '0.3012', '0.2255', '0.6375', '0.8364', '0.5345', '0.6774'], num_positive: 29.4000
2024-07-23 15:45:13,401 - INFO - task : ['bus', 'trailer'], loss: 4.3491, hm_loss: 3.2931, loc_loss: 4.2238, loc_loss_elem: ['0.3094', '0.3577', '0.8746', '0.2240', '0.5939', '0.1741', '0.8765', '0.6692', '0.5014', '0.8795'], num_positive: 13.2000
2024-07-23 15:45:13,401 - INFO - task : ['barrier'], loss: 3.4378, hm_loss: 2.5726, loc_loss: 3.4608, loc_loss_elem: ['0.3225', '0.3307', '0.7507', '0.2560', '0.2419', '0.1490', '0.1615', '0.0855', '0.9386', '0.4219'], num_positive: 60.2000
2024-07-23 15:45:13,401 - INFO - task : ['motorcycle', 'bicycle'], loss: 3.8545, hm_loss: 2.7623, loc_loss: 4.3688, loc_loss_elem: ['0.3089', '0.3116', '0.8104', '0.2794', '0.2182', '0.2234', '1.2392', '1.7959', '0.7557', '0.8541'], num_positive: 38.2000
2024-07-23 15:45:13,401 - INFO - task : ['pedestrian', 'traffic_cone'], loss: 3.5156, hm_loss: 2.6005, loc_loss: 3.6600, loc_loss_elem: ['0.2947', '0.3003', '0.7285', '0.2315', '0.2975', '0.3301', '0.5037', '0.5448', '0.6263', '0.6415'], num_positive: 84.8000

2024-07-23 15:45:14,017 - INFO - Epoch [1/20][120/408]	lr: 0.00010, eta: 0:27:26, time: 0.123, data_time: 0.027, transfer_time: 0.006, forward_time: 0.031, loss_parse_time: 0.000 memory: 5410, 
2024-07-23 15:45:14,017 - INFO - task : ['car'], loss: 3.8817, hm_loss: 2.7124, loc_loss: 4.6772, loc_loss_elem: ['0.3289', '0.3576', '0.9166', '0.1438', '0.1847', '0.1838', '1.5473', '4.3870', '0.5835', '0.7915'], num_positive: 36.6000
2024-07-23 15:45:14,017 - INFO - task : ['truck', 'construction_vehicle'], loss: 3.9307, hm_loss: 2.8915, loc_loss: 4.1570, loc_loss_elem: ['0.2940', '0.3140', '1.0770', '0.1864', '0.3131', '0.3194', '0.5099', '0.6241', '0.6574', '0.7688'], num_positive: 28.2000
2024-07-23 15:45:14,017 - INFO - task : ['bus', 'trailer'], loss: 4.6421, hm_loss: 3.2768, loc_loss: 5.4612, loc_loss_elem: ['0.4064', '0.5513', '0.8885', '0.2656', '1.0605', '0.3023', '0.9413', '1.0956', '0.6733', '0.9057'], num_positive: 14.4000
2024-07-23 15:45:14,017 - INFO - task : ['barrier'], loss: 3.3774, hm_loss: 2.6301, loc_loss: 2.9889, loc_loss_elem: ['0.2524', '0.3153', '0.6362', '0.1546', '0.2441', '0.1235', '0.1231', '0.0677', '0.8017', '0.4229'], num_positive: 28.8000
2024-07-23 15:45:14,018 - INFO - task : ['motorcycle', 'bicycle'], loss: 3.6319, hm_loss: 2.7221, loc_loss: 3.6391, loc_loss_elem: ['0.2619', '0.2857', '0.6316', '0.2542', '0.1681', '0.1901', '1.0630', '1.6776', '0.6134', '0.6860'], num_positive: 39.4000
2024-07-23 15:45:14,018 - INFO - task : ['pedestrian', 'traffic_cone'], loss: 3.3668, hm_loss: 2.5258, loc_loss: 3.3642, loc_loss_elem: ['0.2599', '0.2545', '0.6228', '0.2365', '0.2560', '0.2810', '0.4888', '0.5853', '0.5344', '0.7043'], num_positive: 62.2000

2024-07-23 15:45:14,541 - INFO - Epoch [1/20][125/408]	lr: 0.00010, eta: 0:26:53, time: 0.106, data_time: 0.010, transfer_time: 0.006, forward_time: 0.031, loss_parse_time: 0.000 memory: 5410, 
2024-07-23 15:45:14,541 - INFO - task : ['car'], loss: 3.7423, hm_loss: 2.6978, loc_loss: 4.1782, loc_loss_elem: ['0.2968', '0.3061', '0.8178', '0.1258', '0.1655', '0.1529', '1.7682', '2.6887', '0.5758', '0.8462'], num_positive: 33.4000
2024-07-23 15:45:14,541 - INFO - task : ['truck', 'construction_vehicle'], loss: 3.9120, hm_loss: 2.9012, loc_loss: 4.0432, loc_loss_elem: ['0.2693', '0.2881', '1.0486', '0.1754', '0.3575', '0.3440', '0.4720', '0.6044', '0.5326', '0.8123'], num_positive: 27.4000
2024-07-23 15:45:14,541 - INFO - task : ['bus', 'trailer'], loss: 4.3569, hm_loss: 3.2690, loc_loss: 4.3517, loc_loss_elem: ['0.3633', '0.3198', '0.9792', '0.1691', '0.8467', '0.1501', '0.6016', '0.4964', '0.4305', '0.8735'], num_positive: 14.8000
2024-07-23 15:45:14,541 - INFO - task : ['barrier'], loss: 3.4142, hm_loss: 2.6830, loc_loss: 2.9248, loc_loss_elem: ['0.2949', '0.2641', '0.6862', '0.1368', '0.1667', '0.1239', '0.1178', '0.0485', '0.7249', '0.4942'], num_positive: 46.6000
2024-07-23 15:45:14,541 - INFO - task : ['motorcycle', 'bicycle'], loss: 3.6992, hm_loss: 2.7110, loc_loss: 3.9526, loc_loss_elem: ['0.2977', '0.3043', '0.7869', '0.2494', '0.1855', '0.2069', '1.2689', '1.8271', '0.6152', '0.6875'], num_positive: 39.4000
2024-07-23 15:45:14,542 - INFO - task : ['pedestrian', 'traffic_cone'], loss: 3.3246, hm_loss: 2.4827, loc_loss: 3.3676, loc_loss_elem: ['0.2696', '0.2571', '0.6068', '0.2282', '0.2996', '0.3021', '0.4832', '0.3754', '0.5796', '0.6528'], num_positive: 74.2000

2024-07-23 15:45:15,158 - INFO - Epoch [1/20][130/408]	lr: 0.00010, eta: 0:26:28, time: 0.122, data_time: 0.025, transfer_time: 0.006, forward_time: 0.031, loss_parse_time: 0.000 memory: 5410, 
2024-07-23 15:45:15,158 - INFO - task : ['car'], loss: 3.6859, hm_loss: 2.6579, loc_loss: 4.1119, loc_loss_elem: ['0.3144', '0.2984', '0.7880', '0.1417', '0.1661', '0.1312', '1.8449', '2.9590', '0.6207', '0.6906'], num_positive: 41.2000
2024-07-23 15:45:15,158 - INFO - task : ['truck', 'construction_vehicle'], loss: 4.1613, hm_loss: 2.9594, loc_loss: 4.8077, loc_loss_elem: ['0.3322', '0.3489', '1.2100', '0.2054', '0.2839', '0.4272', '0.5986', '0.8550', '0.9837', '0.7257'], num_positive: 26.0000
2024-07-23 15:45:15,158 - INFO - task : ['bus', 'trailer'], loss: 4.4015, hm_loss: 3.4060, loc_loss: 3.9818, loc_loss_elem: ['0.2385', '0.3183', '0.7912', '0.1595', '0.6061', '0.1296', '1.0204', '1.1595', '0.4463', '0.8564'], num_positive: 11.8000
2024-07-23 15:45:15,159 - INFO - task : ['barrier'], loss: 3.7785, hm_loss: 2.9570, loc_loss: 3.2859, loc_loss_elem: ['0.2685', '0.2994', '0.8161', '0.2744', '0.2765', '0.1003', '0.1106', '0.0891', '0.8862', '0.3246'], num_positive: 23.2000
2024-07-23 15:45:15,159 - INFO - task : ['motorcycle', 'bicycle'], loss: 3.7222, hm_loss: 2.7517, loc_loss: 3.8817, loc_loss_elem: ['0.3252', '0.3000', '0.7143', '0.2617', '0.1682', '0.2613', '1.1780', '1.6260', '0.5970', '0.6931'], num_positive: 37.8000
2024-07-23 15:45:15,159 - INFO - task : ['pedestrian', 'traffic_cone'], loss: 3.5385, hm_loss: 2.6990, loc_loss: 3.3579, loc_loss_elem: ['0.2597', '0.2791', '0.5680', '0.2173', '0.2811', '0.2631', '0.5262', '0.4459', '0.6896', '0.6055'], num_positive: 45.4000

2024-07-23 15:45:15,696 - INFO - Epoch [1/20][135/408]	lr: 0.00010, eta: 0:26:01, time: 0.108, data_time: 0.011, transfer_time: 0.007, forward_time: 0.031, loss_parse_time: 0.000 memory: 5477, 
2024-07-23 15:45:15,696 - INFO - task : ['car'], loss: 3.6380, hm_loss: 2.6591, loc_loss: 3.9158, loc_loss_elem: ['0.3136', '0.2951', '0.8757', '0.1265', '0.1970', '0.1910', '1.0964', '1.7336', '0.5805', '0.7703'], num_positive: 40.4000
2024-07-23 15:45:15,696 - INFO - task : ['truck', 'construction_vehicle'], loss: 3.8402, hm_loss: 2.8718, loc_loss: 3.8736, loc_loss_elem: ['0.2712', '0.3016', '1.0618', '0.1607', '0.3057', '0.2662', '0.3911', '0.6907', '0.5492', '0.7409'], num_positive: 26.6000
2024-07-23 15:45:15,696 - INFO - task : ['bus', 'trailer'], loss: 4.2877, hm_loss: 3.2507, loc_loss: 4.1483, loc_loss_elem: ['0.3391', '0.2926', '0.6988', '0.1676', '0.9055', '0.1370', '0.9495', '0.9065', '0.5362', '0.7004'], num_positive: 14.2000
2024-07-23 15:45:15,697 - INFO - task : ['barrier'], loss: 3.4913, hm_loss: 2.7139, loc_loss: 3.1094, loc_loss_elem: ['0.2195', '0.2687', '0.8005', '0.1953', '0.2446', '0.1124', '0.1244', '0.0723', '0.7199', '0.5093'], num_positive: 43.6000
2024-07-23 15:45:15,697 - INFO - task : ['motorcycle', 'bicycle'], loss: 3.6238, hm_loss: 2.6945, loc_loss: 3.7173, loc_loss_elem: ['0.3137', '0.2599', '0.7115', '0.2586', '0.1642', '0.2105', '1.1110', '1.2925', '0.6907', '0.6275'], num_positive: 39.4000
2024-07-23 15:45:15,697 - INFO - task : ['pedestrian', 'traffic_cone'], loss: 3.4451, hm_loss: 2.5599, loc_loss: 3.5408, loc_loss_elem: ['0.2581', '0.2682', '0.7409', '0.2317', '0.2859', '0.3243', '0.5129', '0.3936', '0.5765', '0.6738'], num_positive: 73.0000

2024-07-23 15:45:16,319 - INFO - Epoch [1/20][140/408]	lr: 0.00010, eta: 0:25:39, time: 0.124, data_time: 0.024, transfer_time: 0.007, forward_time: 0.033, loss_parse_time: 0.000 memory: 5477, 
2024-07-23 15:45:16,319 - INFO - task : ['car'], loss: 3.4918, hm_loss: 2.5434, loc_loss: 3.7936, loc_loss_elem: ['0.2859', '0.3159', '0.8348', '0.1532', '0.1464', '0.1572', '1.0236', '2.1371', '0.6295', '0.6386'], num_positive: 53.8000
2024-07-23 15:45:16,319 - INFO - task : ['truck', 'construction_vehicle'], loss: 4.2057, hm_loss: 2.9796, loc_loss: 4.9047, loc_loss_elem: ['0.3652', '0.4680', '1.1912', '0.3966', '0.3982', '0.4200', '0.5929', '0.7060', '0.6213', '0.7845'], num_positive: 25.8000
2024-07-23 15:45:16,319 - INFO - task : ['bus', 'trailer'], loss: 4.3598, hm_loss: 3.3441, loc_loss: 4.0626, loc_loss_elem: ['0.2358', '0.3179', '0.8660', '0.1782', '0.6800', '0.1485', '0.7256', '0.5805', '0.5701', '0.8048'], num_positive: 11.6000
2024-07-23 15:45:16,320 - INFO - task : ['barrier'], loss: 3.4877, hm_loss: 2.7340, loc_loss: 3.0150, loc_loss_elem: ['0.2871', '0.2893', '0.6459', '0.1834', '0.2155', '0.1333', '0.1574', '0.1041', '0.7436', '0.4645'], num_positive: 43.8000
2024-07-23 15:45:16,320 - INFO - task : ['motorcycle', 'bicycle'], loss: 3.5894, hm_loss: 2.6889, loc_loss: 3.6021, loc_loss_elem: ['0.2717', '0.2706', '0.6901', '0.2534', '0.1551', '0.2165', '1.0152', '1.3229', '0.6219', '0.6551'], num_positive: 41.6000
2024-07-23 15:45:16,320 - INFO - task : ['pedestrian', 'traffic_cone'], loss: 3.3911, hm_loss: 2.5334, loc_loss: 3.4307, loc_loss_elem: ['0.2630', '0.2975', '0.6812', '0.2197', '0.2561', '0.2755', '0.3805', '0.4594', '0.5449', '0.7247'], num_positive: 66.6000

2024-07-23 15:45:16,958 - INFO - Epoch [1/20][145/408]	lr: 0.00010, eta: 0:25:21, time: 0.128, data_time: 0.029, transfer_time: 0.007, forward_time: 0.032, loss_parse_time: 0.000 memory: 5477, 
2024-07-23 15:45:16,959 - INFO - task : ['car'], loss: 3.8277, hm_loss: 2.7845, loc_loss: 4.1729, loc_loss_elem: ['0.3089', '0.3156', '0.8588', '0.1236', '0.1767', '0.1760', '1.6674', '3.0871', '0.5248', '0.7377'], num_positive: 31.0000
2024-07-23 15:45:16,959 - INFO - task : ['truck', 'construction_vehicle'], loss: 3.7898, hm_loss: 2.8504, loc_loss: 3.7575, loc_loss_elem: ['0.2540', '0.2668', '1.0082', '0.1776', '0.2881', '0.1912', '0.6869', '0.8239', '0.5056', '0.7639'], num_positive: 27.4000
2024-07-23 15:45:16,959 - INFO - task : ['bus', 'trailer'], loss: 4.2484, hm_loss: 3.2187, loc_loss: 4.1188, loc_loss_elem: ['0.3002', '0.3156', '0.8154', '0.1546', '0.6309', '0.1516', '0.9417', '0.6357', '0.6067', '0.8283'], num_positive: 14.6000
2024-07-23 15:45:16,959 - INFO - task : ['barrier'], loss: 3.5458, hm_loss: 2.7479, loc_loss: 3.1917, loc_loss_elem: ['0.2928', '0.2841', '0.7382', '0.2225', '0.2183', '0.1780', '0.1864', '0.0909', '0.7147', '0.4877'], num_positive: 33.6000
2024-07-23 15:45:16,959 - INFO - task : ['motorcycle', 'bicycle'], loss: 3.6136, hm_loss: 2.6855, loc_loss: 3.7123, loc_loss_elem: ['0.2819', '0.2443', '0.7499', '0.2209', '0.1498', '0.2196', '1.2234', '1.6677', '0.6389', '0.6287'], num_positive: 42.4000
2024-07-23 15:45:16,959 - INFO - task : ['pedestrian', 'traffic_cone'], loss: 3.4042, hm_loss: 2.5223, loc_loss: 3.5272, loc_loss_elem: ['0.2650', '0.2766', '0.6432', '0.2359', '0.2732', '0.3188', '0.4114', '0.3803', '0.5674', '0.7888'], num_positive: 73.8000

2024-07-23 15:45:17,490 - INFO - Epoch [1/20][150/408]	lr: 0.00010, eta: 0:24:58, time: 0.107, data_time: 0.009, transfer_time: 0.006, forward_time: 0.031, loss_parse_time: 0.000 memory: 5477, 
2024-07-23 15:45:17,491 - INFO - task : ['car'], loss: 3.6088, hm_loss: 2.6409, loc_loss: 3.8718, loc_loss_elem: ['0.3001', '0.3200', '1.0425', '0.1094', '0.1656', '0.1767', '1.0330', '1.4008', '0.6411', '0.6295'], num_positive: 45.2000
2024-07-23 15:45:17,491 - INFO - task : ['truck', 'construction_vehicle'], loss: 3.7134, hm_loss: 2.7883, loc_loss: 3.7004, loc_loss_elem: ['0.2748', '0.2793', '0.9656', '0.1637', '0.3079', '0.1930', '0.5661', '0.7795', '0.4963', '0.7508'], num_positive: 29.6000
2024-07-23 15:45:17,491 - INFO - task : ['bus', 'trailer'], loss: 4.2266, hm_loss: 3.2507, loc_loss: 3.9034, loc_loss_elem: ['0.2419', '0.2575', '0.7399', '0.1629', '0.6113', '0.2105', '1.3887', '0.8388', '0.5141', '0.7198'], num_positive: 13.4000
2024-07-23 15:45:17,491 - INFO - task : ['barrier'], loss: 3.3004, hm_loss: 2.5425, loc_loss: 3.0318, loc_loss_elem: ['0.2540', '0.2774', '0.7091', '0.2048', '0.1939', '0.1472', '0.1516', '0.0743', '0.8202', '0.3799'], num_positive: 54.2000
2024-07-23 15:45:17,491 - INFO - task : ['motorcycle', 'bicycle'], loss: 3.5699, hm_loss: 2.6656, loc_loss: 3.6172, loc_loss_elem: ['0.2629', '0.2648', '0.6473', '0.2254', '0.1426', '0.2232', '1.2850', '1.5442', '0.6658', '0.6193'], num_positive: 39.6000
2024-07-23 15:45:17,491 - INFO - task : ['pedestrian', 'traffic_cone'], loss: 3.3397, hm_loss: 2.4220, loc_loss: 3.6709, loc_loss_elem: ['0.2468', '0.3247', '0.8111', '0.2154', '0.2639', '0.3447', '0.4576', '0.4491', '0.6567', '0.6263'], num_positive: 67.2000

2024-07-23 15:45:18,107 - INFO - Epoch [1/20][155/408]	lr: 0.00010, eta: 0:24:40, time: 0.122, data_time: 0.026, transfer_time: 0.006, forward_time: 0.031, loss_parse_time: 0.000 memory: 5477, 
2024-07-23 15:45:18,107 - INFO - task : ['car'], loss: 3.6393, hm_loss: 2.6291, loc_loss: 4.0405, loc_loss_elem: ['0.3305', '0.3063', '0.9194', '0.1602', '0.1684', '0.1694', '1.3695', '1.9975', '0.6304', '0.6825'], num_positive: 44.0000
2024-07-23 15:45:18,107 - INFO - task : ['truck', 'construction_vehicle'], loss: 3.8320, hm_loss: 2.8766, loc_loss: 3.8215, loc_loss_elem: ['0.2658', '0.2733', '1.0500', '0.1826', '0.3425', '0.2646', '0.5728', '0.6709', '0.4841', '0.7099'], num_positive: 26.8000
2024-07-23 15:45:18,107 - INFO - task : ['bus', 'trailer'], loss: 4.1949, hm_loss: 3.1793, loc_loss: 4.0623, loc_loss_elem: ['0.3074', '0.3507', '0.8602', '0.2002', '0.5947', '0.1490', '0.7792', '0.7867', '0.4945', '0.7924'], num_positive: 14.4000
2024-07-23 15:45:18,107 - INFO - task : ['barrier'], loss: 3.2847, hm_loss: 2.5690, loc_loss: 2.8625, loc_loss_elem: ['0.2472', '0.2893', '0.5821', '0.1534', '0.1497', '0.2195', '0.1375', '0.0705', '0.7002', '0.4795'], num_positive: 54.0000
2024-07-23 15:45:18,108 - INFO - task : ['motorcycle', 'bicycle'], loss: 3.7090, hm_loss: 2.6777, loc_loss: 4.1252, loc_loss_elem: ['0.3806', '0.3517', '0.6909', '0.2842', '0.1898', '0.2533', '1.1864', '2.1853', '0.6269', '0.6736'], num_positive: 38.8000
2024-07-23 15:45:18,108 - INFO - task : ['pedestrian', 'traffic_cone'], loss: 3.2155, hm_loss: 2.3548, loc_loss: 3.4427, loc_loss_elem: ['0.2615', '0.2700', '0.6117', '0.2282', '0.2792', '0.3218', '0.3951', '0.4116', '0.6429', '0.6660'], num_positive: 79.0000

2024-07-23 15:45:18,753 - INFO - Epoch [1/20][160/408]	lr: 0.00011, eta: 0:24:25, time: 0.129, data_time: 0.030, transfer_time: 0.007, forward_time: 0.032, loss_parse_time: 0.000 memory: 5477, 
2024-07-23 15:45:18,753 - INFO - task : ['car'], loss: 3.6317, hm_loss: 2.6383, loc_loss: 3.9736, loc_loss_elem: ['0.2960', '0.2858', '0.9945', '0.1269', '0.1738', '0.1531', '0.9925', '1.9991', '0.5641', '0.7811'], num_positive: 37.8000
2024-07-23 15:45:18,753 - INFO - task : ['truck', 'construction_vehicle'], loss: 3.8207, hm_loss: 2.8862, loc_loss: 3.7381, loc_loss_elem: ['0.2794', '0.2773', '0.9738', '0.2118', '0.2877', '0.2622', '0.5338', '0.5903', '0.4985', '0.7227'], num_positive: 24.6000
2024-07-23 15:45:18,753 - INFO - task : ['bus', 'trailer'], loss: 4.2638, hm_loss: 3.1677, loc_loss: 4.3843, loc_loss_elem: ['0.3332', '0.4089', '0.8305', '0.1662', '0.7134', '0.1640', '1.1836', '0.8331', '0.5716', '0.7932'], num_positive: 15.2000
2024-07-23 15:45:18,753 - INFO - task : ['barrier'], loss: 3.5003, hm_loss: 2.6861, loc_loss: 3.2567, loc_loss_elem: ['0.2823', '0.2833', '0.7173', '0.1608', '0.2012', '0.2150', '0.1008', '0.0541', '0.7929', '0.5730'], num_positive: 42.8000
2024-07-23 15:45:18,753 - INFO - task : ['motorcycle', 'bicycle'], loss: 3.5963, hm_loss: 2.6729, loc_loss: 3.6936, loc_loss_elem: ['0.2835', '0.2584', '0.6985', '0.2629', '0.1744', '0.1889', '1.2433', '1.2395', '0.6602', '0.6703'], num_positive: 40.4000
2024-07-23 15:45:18,753 - INFO - task : ['pedestrian', 'traffic_cone'], loss: 3.3095, hm_loss: 2.4114, loc_loss: 3.5924, loc_loss_elem: ['0.2421', '0.3008', '0.6774', '0.2412', '0.2983', '0.3905', '0.3873', '0.5079', '0.5293', '0.7338'], num_positive: 82.6000

2024-07-23 15:45:19,295 - INFO - Epoch [1/20][165/408]	lr: 0.00011, eta: 0:24:06, time: 0.109, data_time: 0.011, transfer_time: 0.006, forward_time: 0.031, loss_parse_time: 0.000 memory: 5477, 
2024-07-23 15:45:19,295 - INFO - task : ['car'], loss: 3.5676, hm_loss: 2.5904, loc_loss: 3.9087, loc_loss_elem: ['0.3054', '0.3063', '0.9108', '0.1254', '0.1526', '0.1859', '1.2791', '2.0847', '0.5803', '0.6693'], num_positive: 43.0000
2024-07-23 15:45:19,295 - INFO - task : ['truck', 'construction_vehicle'], loss: 4.0041, hm_loss: 2.8877, loc_loss: 4.4653, loc_loss_elem: ['0.3027', '0.4364', '1.0119', '0.4215', '0.3912', '0.2736', '0.7780', '0.5441', '0.6077', '0.7559'], num_positive: 26.6000
2024-07-23 15:45:19,295 - INFO - task : ['bus', 'trailer'], loss: 4.3453, hm_loss: 3.2093, loc_loss: 4.5437, loc_loss_elem: ['0.2885', '0.3956', '1.0216', '0.1732', '0.7619', '0.1874', '0.9484', '1.0203', '0.5043', '0.8176'], num_positive: 14.8000
2024-07-23 15:45:19,295 - INFO - task : ['barrier'], loss: 3.5678, hm_loss: 2.7657, loc_loss: 3.2084, loc_loss_elem: ['0.2580', '0.2776', '0.7761', '0.1790', '0.2164', '0.1689', '0.1269', '0.0646', '0.8396', '0.4544'], num_positive: 34.4000
2024-07-23 15:45:19,295 - INFO - task : ['motorcycle', 'bicycle'], loss: 3.7355, hm_loss: 2.6788, loc_loss: 4.2265, loc_loss_elem: ['0.3504', '0.3764', '0.7673', '0.2853', '0.2262', '0.2701', '1.3516', '1.2812', '0.7675', '0.6567'], num_positive: 38.2000
2024-07-23 15:45:19,295 - INFO - task : ['pedestrian', 'traffic_cone'], loss: 3.2578, hm_loss: 2.3905, loc_loss: 3.4691, loc_loss_elem: ['0.2465', '0.2687', '0.6515', '0.2171', '0.2746', '0.3584', '0.4735', '0.5338', '0.5675', '0.6833'], num_positive: 80.4000

2024-07-23 15:45:19,939 - INFO - Epoch [1/20][170/408]	lr: 0.00011, eta: 0:23:53, time: 0.129, data_time: 0.029, transfer_time: 0.007, forward_time: 0.032, loss_parse_time: 0.000 memory: 5477, 
2024-07-23 15:45:19,939 - INFO - task : ['car'], loss: 3.6123, hm_loss: 2.5915, loc_loss: 4.0829, loc_loss_elem: ['0.3036', '0.2752', '0.9947', '0.1418', '0.1955', '0.1850', '1.2944', '2.2721', '0.6237', '0.6501'], num_positive: 49.8000
2024-07-23 15:45:19,939 - INFO - task : ['truck', 'construction_vehicle'], loss: 3.7728, hm_loss: 2.8431, loc_loss: 3.7189, loc_loss_elem: ['0.2777', '0.2898', '1.0725', '0.1777', '0.3213', '0.2278', '0.2868', '0.3362', '0.5363', '0.6913'], num_positive: 28.2000
2024-07-23 15:45:19,939 - INFO - task : ['bus', 'trailer'], loss: 4.4407, hm_loss: 3.3165, loc_loss: 4.4971, loc_loss_elem: ['0.3226', '0.3428', '0.8221', '0.2163', '0.6746', '0.2372', '1.1289', '0.8667', '0.6106', '0.8718'], num_positive: 13.4000
2024-07-23 15:45:19,939 - INFO - task : ['barrier'], loss: 3.2484, hm_loss: 2.4421, loc_loss: 3.2253, loc_loss_elem: ['0.2504', '0.2971', '0.6833', '0.1937', '0.2144', '0.2204', '0.1367', '0.0850', '0.7324', '0.5893'], num_positive: 46.8000
2024-07-23 15:45:19,939 - INFO - task : ['motorcycle', 'bicycle'], loss: 3.6031, hm_loss: 2.7001, loc_loss: 3.6118, loc_loss_elem: ['0.2680', '0.2662', '0.7089', '0.2411', '0.1680', '0.2110', '0.9457', '1.2315', '0.6418', '0.6715'], num_positive: 37.8000
2024-07-23 15:45:19,939 - INFO - task : ['pedestrian', 'traffic_cone'], loss: 3.3594, hm_loss: 2.4651, loc_loss: 3.5774, loc_loss_elem: ['0.2760', '0.2689', '0.6869', '0.2200', '0.2940', '0.2916', '0.4739', '0.5567', '0.6749', '0.6589'], num_positive: 72.0000

2024-07-23 15:45:20,533 - INFO - Epoch [1/20][175/408]	lr: 0.00011, eta: 0:23:38, time: 0.118, data_time: 0.020, transfer_time: 0.007, forward_time: 0.031, loss_parse_time: 0.000 memory: 5477, 
2024-07-23 15:45:20,533 - INFO - task : ['car'], loss: 3.6346, hm_loss: 2.6274, loc_loss: 4.0290, loc_loss_elem: ['0.3319', '0.3239', '0.9548', '0.1434', '0.1817', '0.1716', '1.3442', '1.7039', '0.6415', '0.6707'], num_positive: 42.8000
2024-07-23 15:45:20,533 - INFO - task : ['truck', 'construction_vehicle'], loss: 3.7644, hm_loss: 2.8536, loc_loss: 3.6432, loc_loss_elem: ['0.2846', '0.2567', '0.9171', '0.1948', '0.3084', '0.2166', '0.4553', '0.5032', '0.5216', '0.7518'], num_positive: 26.6000
2024-07-23 15:45:20,533 - INFO - task : ['bus', 'trailer'], loss: 4.3125, hm_loss: 3.2421, loc_loss: 4.2816, loc_loss_elem: ['0.2700', '0.2904', '1.0029', '0.1974', '0.6832', '0.2041', '1.3832', '0.5962', '0.5033', '0.7345'], num_positive: 14.0000
2024-07-23 15:45:20,533 - INFO - task : ['barrier'], loss: 3.1970, hm_loss: 2.3778, loc_loss: 3.2769, loc_loss_elem: ['0.2937', '0.2915', '0.6376', '0.2339', '0.2384', '0.1541', '0.1612', '0.1111', '0.7765', '0.5966'], num_positive: 48.2000
2024-07-23 15:45:20,533 - INFO - task : ['motorcycle', 'bicycle'], loss: 3.5695, hm_loss: 2.6216, loc_loss: 3.7918, loc_loss_elem: ['0.2701', '0.2483', '0.7356', '0.2542', '0.1623', '0.2149', '1.3195', '1.7103', '0.6167', '0.6836'], num_positive: 39.6000
2024-07-23 15:45:20,533 - INFO - task : ['pedestrian', 'traffic_cone'], loss: 3.3280, hm_loss: 2.4802, loc_loss: 3.3913, loc_loss_elem: ['0.2501', '0.2525', '0.5876', '0.2375', '0.2868', '0.3272', '0.4764', '0.3496', '0.6243', '0.6601'], num_positive: 62.0000

2024-07-23 15:45:21,147 - INFO - Epoch [1/20][180/408]	lr: 0.00011, eta: 0:23:25, time: 0.123, data_time: 0.022, transfer_time: 0.007, forward_time: 0.031, loss_parse_time: 0.000 memory: 5477, 
2024-07-23 15:45:21,148 - INFO - task : ['car'], loss: 3.5226, hm_loss: 2.5759, loc_loss: 3.7867, loc_loss_elem: ['0.2622', '0.2914', '0.9664', '0.1309', '0.2024', '0.1568', '0.8397', '1.6305', '0.5835', '0.6991'], num_positive: 44.0000
2024-07-23 15:45:21,148 - INFO - task : ['truck', 'construction_vehicle'], loss: 3.7236, hm_loss: 2.8435, loc_loss: 3.5206, loc_loss_elem: ['0.2616', '0.2671', '0.8748', '0.1975', '0.2892', '0.1966', '0.5384', '0.3533', '0.4938', '0.7617'], num_positive: 24.2000
2024-07-23 15:45:21,148 - INFO - task : ['bus', 'trailer'], loss: 4.0887, hm_loss: 3.0914, loc_loss: 3.9894, loc_loss_elem: ['0.2566', '0.2931', '0.9203', '0.1594', '0.7460', '0.1459', '0.8929', '0.5774', '0.4121', '0.7619'], num_positive: 16.8000
2024-07-23 15:45:21,148 - INFO - task : ['barrier'], loss: 3.2715, hm_loss: 2.4831, loc_loss: 3.1536, loc_loss_elem: ['0.2643', '0.2600', '0.6703', '0.2168', '0.1779', '0.1575', '0.1092', '0.0810', '0.9131', '0.4557'], num_positive: 36.4000
2024-07-23 15:45:21,148 - INFO - task : ['motorcycle', 'bicycle'], loss: 3.4561, hm_loss: 2.5919, loc_loss: 3.4571, loc_loss_elem: ['0.2601', '0.2392', '0.7182', '0.2045', '0.1628', '0.1924', '0.9561', '1.2526', '0.6325', '0.6058'], num_positive: 37.8000
2024-07-23 15:45:21,148 - INFO - task : ['pedestrian', 'traffic_cone'], loss: 3.3368, hm_loss: 2.4541, loc_loss: 3.5308, loc_loss_elem: ['0.2577', '0.2961', '0.6480', '0.2732', '0.3270', '0.3929', '0.3440', '0.3711', '0.5145', '0.6783'], num_positive: 62.8000

2024-07-23 15:45:21,738 - INFO - Epoch [1/20][185/408]	lr: 0.00011, eta: 0:23:12, time: 0.118, data_time: 0.025, transfer_time: 0.006, forward_time: 0.028, loss_parse_time: 0.000 memory: 5477, 
2024-07-23 15:45:21,738 - INFO - task : ['car'], loss: 3.7352, hm_loss: 2.7913, loc_loss: 3.7756, loc_loss_elem: ['0.2471', '0.2728', '0.9426', '0.1337', '0.1464', '0.1642', '1.6807', '1.5266', '0.5658', '0.6616'], num_positive: 27.4000
2024-07-23 15:45:21,738 - INFO - task : ['truck', 'construction_vehicle'], loss: 3.6127, hm_loss: 2.7232, loc_loss: 3.5579, loc_loss_elem: ['0.2773', '0.2493', '0.9096', '0.2062', '0.2766', '0.2148', '0.6302', '0.3401', '0.5282', '0.7020'], num_positive: 28.2000
2024-07-23 15:45:21,738 - INFO - task : ['bus', 'trailer'], loss: 4.0904, hm_loss: 3.1143, loc_loss: 3.9042, loc_loss_elem: ['0.2668', '0.2851', '0.6713', '0.1540', '0.6347', '0.1490', '1.7470', '0.8031', '0.4991', '0.7342'], num_positive: 14.6000
2024-07-23 15:45:21,738 - INFO - task : ['barrier'], loss: 3.0727, hm_loss: 2.2995, loc_loss: 3.0926, loc_loss_elem: ['0.2536', '0.2755', '0.6868', '0.2405', '0.2020', '0.1211', '0.0982', '0.0756', '0.7451', '0.5332'], num_positive: 51.4000
2024-07-23 15:45:21,738 - INFO - task : ['motorcycle', 'bicycle'], loss: 3.4686, hm_loss: 2.5737, loc_loss: 3.5796, loc_loss_elem: ['0.2708', '0.2250', '0.6786', '0.2060', '0.1496', '0.1823', '1.1949', '1.9357', '0.6020', '0.6392'], num_positive: 40.6000
2024-07-23 15:45:21,738 - INFO - task : ['pedestrian', 'traffic_cone'], loss: 3.2221, hm_loss: 2.3769, loc_loss: 3.3809, loc_loss_elem: ['0.2537', '0.2621', '0.6065', '0.2312', '0.2602', '0.2683', '0.5403', '0.5116', '0.6544', '0.6341'], num_positive: 64.8000

2024-07-23 15:45:22,277 - INFO - Epoch [1/20][190/408]	lr: 0.00011, eta: 0:22:57, time: 0.108, data_time: 0.011, transfer_time: 0.006, forward_time: 0.031, loss_parse_time: 0.000 memory: 5477, 
2024-07-23 15:45:22,277 - INFO - task : ['car'], loss: 3.4187, hm_loss: 2.5343, loc_loss: 3.5377, loc_loss_elem: ['0.2944', '0.2704', '0.8686', '0.1177', '0.1440', '0.1479', '1.1968', '0.8713', '0.7560', '0.5250'], num_positive: 47.8000
2024-07-23 15:45:22,278 - INFO - task : ['truck', 'construction_vehicle'], loss: 3.7291, hm_loss: 2.8131, loc_loss: 3.6639, loc_loss_elem: ['0.3047', '0.2822', '1.0059', '0.1777', '0.2620', '0.1991', '0.7293', '0.4006', '0.5597', '0.6466'], num_positive: 27.2000
2024-07-23 15:45:22,278 - INFO - task : ['bus', 'trailer'], loss: 4.2122, hm_loss: 3.1799, loc_loss: 4.1291, loc_loss_elem: ['0.2729', '0.3172', '0.8704', '0.1761', '0.6497', '0.1759', '1.3164', '0.9827', '0.3857', '0.8214'], num_positive: 14.8000
2024-07-23 15:45:22,278 - INFO - task : ['barrier'], loss: 3.4069, hm_loss: 2.6125, loc_loss: 3.1775, loc_loss_elem: ['0.2516', '0.2850', '0.7464', '0.2087', '0.2129', '0.1471', '0.1200', '0.0970', '0.8490', '0.4333'], num_positive: 48.6000
2024-07-23 15:45:22,278 - INFO - task : ['motorcycle', 'bicycle'], loss: 3.4602, hm_loss: 2.5731, loc_loss: 3.5487, loc_loss_elem: ['0.2487', '0.2497', '0.6470', '0.2278', '0.1602', '0.1858', '1.2245', '1.6226', '0.6264', '0.6337'], num_positive: 41.0000
2024-07-23 15:45:22,278 - INFO - task : ['pedestrian', 'traffic_cone'], loss: 3.3115, hm_loss: 2.4296, loc_loss: 3.5278, loc_loss_elem: ['0.2609', '0.2696', '0.5558', '0.2792', '0.3404', '0.3530', '0.4116', '0.3988', '0.6322', '0.6746'], num_positive: 69.2000

2024-07-23 15:45:22,880 - INFO - Epoch [1/20][195/408]	lr: 0.00011, eta: 0:22:46, time: 0.121, data_time: 0.024, transfer_time: 0.006, forward_time: 0.030, loss_parse_time: 0.000 memory: 5477, 
2024-07-23 15:45:22,880 - INFO - task : ['car'], loss: 3.5600, hm_loss: 2.5469, loc_loss: 4.0525, loc_loss_elem: ['0.2976', '0.2933', '1.0278', '0.1314', '0.1412', '0.1573', '1.6519', '2.2312', '0.6092', '0.6181'], num_positive: 46.6000
2024-07-23 15:45:22,880 - INFO - task : ['truck', 'construction_vehicle'], loss: 3.6456, hm_loss: 2.7455, loc_loss: 3.6006, loc_loss_elem: ['0.2962', '0.2857', '0.8773', '0.1814', '0.2660', '0.2566', '0.5428', '0.4105', '0.5215', '0.7252'], num_positive: 27.6000
2024-07-23 15:45:22,880 - INFO - task : ['bus', 'trailer'], loss: 4.1329, hm_loss: 3.1379, loc_loss: 3.9798, loc_loss_elem: ['0.2822', '0.2935', '0.7940', '0.1575', '0.5931', '0.1561', '2.0222', '0.7532', '0.4013', '0.7469'], num_positive: 15.8000
2024-07-23 15:45:22,880 - INFO - task : ['barrier'], loss: 3.2246, hm_loss: 2.4055, loc_loss: 3.2765, loc_loss_elem: ['0.2580', '0.2915', '0.8465', '0.2778', '0.2500', '0.1488', '0.1366', '0.0819', '0.7251', '0.4351'], num_positive: 33.0000
2024-07-23 15:45:22,880 - INFO - task : ['motorcycle', 'bicycle'], loss: 3.4174, hm_loss: 2.5168, loc_loss: 3.6024, loc_loss_elem: ['0.2605', '0.2390', '0.6721', '0.2443', '0.1701', '0.1796', '1.0404', '1.6965', '0.5979', '0.6915'], num_positive: 39.6000
2024-07-23 15:45:22,880 - INFO - task : ['pedestrian', 'traffic_cone'], loss: 3.5190, hm_loss: 2.6452, loc_loss: 3.4950, loc_loss_elem: ['0.2594', '0.2675', '0.6064', '0.2650', '0.3045', '0.3646', '0.6048', '0.3771', '0.7085', '0.5227'], num_positive: 43.6000

2024-07-23 15:45:23,471 - INFO - Epoch [1/20][200/408]	lr: 0.00011, eta: 0:22:34, time: 0.119, data_time: 0.022, transfer_time: 0.007, forward_time: 0.030, loss_parse_time: 0.000 memory: 5477, 
2024-07-23 15:45:23,471 - INFO - task : ['car'], loss: 3.5408, hm_loss: 2.6005, loc_loss: 3.7609, loc_loss_elem: ['0.2871', '0.2682', '0.8680', '0.1200', '0.2114', '0.1542', '1.1376', '1.8018', '0.6315', '0.6327'], num_positive: 44.6000
2024-07-23 15:45:23,472 - INFO - task : ['truck', 'construction_vehicle'], loss: 3.7796, hm_loss: 2.8349, loc_loss: 3.7788, loc_loss_elem: ['0.3139', '0.2984', '0.9679', '0.1604', '0.2777', '0.2713', '0.5835', '0.4148', '0.5755', '0.7142'], num_positive: 25.0000
2024-07-23 15:45:23,472 - INFO - task : ['bus', 'trailer'], loss: 4.2933, hm_loss: 3.2009, loc_loss: 4.3694, loc_loss_elem: ['0.3311', '0.3060', '0.9483', '0.1857', '0.7069', '0.2071', '1.3382', '0.8542', '0.4886', '0.7573'], num_positive: 14.6000
2024-07-23 15:45:23,472 - INFO - task : ['barrier'], loss: 3.5981, hm_loss: 2.7681, loc_loss: 3.3199, loc_loss_elem: ['0.2856', '0.2709', '0.7632', '0.2621', '0.2212', '0.1434', '0.1515', '0.1260', '0.8579', '0.4602'], num_positive: 24.4000
2024-07-23 15:45:23,472 - INFO - task : ['motorcycle', 'bicycle'], loss: 3.4986, hm_loss: 2.5673, loc_loss: 3.7252, loc_loss_elem: ['0.3125', '0.2773', '0.6829', '0.2635', '0.1974', '0.1962', '1.1632', '1.4425', '0.6166', '0.6577'], num_positive: 40.6000
2024-07-23 15:45:23,472 - INFO - task : ['pedestrian', 'traffic_cone'], loss: 3.2896, hm_loss: 2.3739, loc_loss: 3.6628, loc_loss_elem: ['0.2703', '0.2824', '0.7506', '0.2066', '0.2837', '0.3414', '0.6047', '0.4392', '0.6786', '0.6405'], num_positive: 68.4000

2024-07-23 15:45:24,053 - INFO - Epoch [1/20][205/408]	lr: 0.00011, eta: 0:22:23, time: 0.115, data_time: 0.018, transfer_time: 0.006, forward_time: 0.031, loss_parse_time: 0.000 memory: 5477, 
2024-07-23 15:45:24,053 - INFO - task : ['car'], loss: 3.4705, hm_loss: 2.5783, loc_loss: 3.5688, loc_loss_elem: ['0.2758', '0.2674', '0.8805', '0.1177', '0.1295', '0.1507', '0.9393', '1.6674', '0.5748', '0.6511'], num_positive: 50.2000
2024-07-23 15:45:24,053 - INFO - task : ['truck', 'construction_vehicle'], loss: 3.7194, hm_loss: 2.8034, loc_loss: 3.6638, loc_loss_elem: ['0.3157', '0.2691', '0.9904', '0.2048', '0.2708', '0.1979', '0.5033', '0.4991', '0.5580', '0.6567'], num_positive: 24.2000
2024-07-23 15:45:24,053 - INFO - task : ['bus', 'trailer'], loss: 4.2873, hm_loss: 3.2413, loc_loss: 4.1841, loc_loss_elem: ['0.3308', '0.3275', '0.9429', '0.1983', '0.7223', '0.1482', '0.8439', '0.7118', '0.4447', '0.7583'], num_positive: 14.2000
2024-07-23 15:45:24,053 - INFO - task : ['barrier'], loss: 3.5765, hm_loss: 2.8021, loc_loss: 3.0978, loc_loss_elem: ['0.2872', '0.2539', '0.6779', '0.2672', '0.1707', '0.1815', '0.1422', '0.1284', '0.6290', '0.5764'], num_positive: 26.0000
2024-07-23 15:45:24,054 - INFO - task : ['motorcycle', 'bicycle'], loss: 3.5038, hm_loss: 2.5806, loc_loss: 3.6925, loc_loss_elem: ['0.2588', '0.2578', '0.6961', '0.2684', '0.1885', '0.2050', '1.1283', '1.5116', '0.6480', '0.6420'], num_positive: 37.0000
2024-07-23 15:45:24,054 - INFO - task : ['pedestrian', 'traffic_cone'], loss: 3.3727, hm_loss: 2.4947, loc_loss: 3.5119, loc_loss_elem: ['0.2735', '0.2757', '0.6031', '0.2272', '0.3171', '0.3368', '0.4715', '0.4487', '0.5700', '0.7244'], num_positive: 63.0000

2024-07-23 15:45:24,656 - INFO - Epoch [1/20][210/408]	lr: 0.00011, eta: 0:22:13, time: 0.121, data_time: 0.025, transfer_time: 0.006, forward_time: 0.030, loss_parse_time: 0.000 memory: 5477, 
2024-07-23 15:45:24,657 - INFO - task : ['car'], loss: 3.5229, hm_loss: 2.5209, loc_loss: 4.0078, loc_loss_elem: ['0.3057', '0.3233', '0.9771', '0.1500', '0.1576', '0.1633', '1.5260', '1.6262', '0.7112', '0.5891'], num_positive: 55.0000
2024-07-23 15:45:24,657 - INFO - task : ['truck', 'construction_vehicle'], loss: 3.6277, hm_loss: 2.7357, loc_loss: 3.5680, loc_loss_elem: ['0.2862', '0.2982', '0.9264', '0.1658', '0.2697', '0.2259', '0.4932', '0.3699', '0.5175', '0.7055'], num_positive: 26.2000
2024-07-23 15:45:24,657 - INFO - task : ['bus', 'trailer'], loss: 4.1952, hm_loss: 3.1852, loc_loss: 4.0400, loc_loss_elem: ['0.2537', '0.3075', '0.8571', '0.1465', '0.6745', '0.1551', '1.3500', '0.8681', '0.4841', '0.7179'], num_positive: 14.8000
2024-07-23 15:45:24,657 - INFO - task : ['barrier'], loss: 3.2835, hm_loss: 2.5017, loc_loss: 3.1269, loc_loss_elem: ['0.2459', '0.2728', '0.6847', '0.2677', '0.2291', '0.1248', '0.1203', '0.1436', '0.9103', '0.3388'], num_positive: 31.6000
2024-07-23 15:45:24,657 - INFO - task : ['motorcycle', 'bicycle'], loss: 3.4261, hm_loss: 2.5301, loc_loss: 3.5841, loc_loss_elem: ['0.2646', '0.2449', '0.6622', '0.2437', '0.1633', '0.2015', '1.0482', '1.5616', '0.6126', '0.6694'], num_positive: 36.8000
2024-07-23 15:45:24,657 - INFO - task : ['pedestrian', 'traffic_cone'], loss: 3.3466, hm_loss: 2.4598, loc_loss: 3.5472, loc_loss_elem: ['0.2639', '0.2654', '0.6934', '0.2316', '0.3047', '0.3182', '0.5375', '0.4337', '0.6516', '0.6241'], num_positive: 46.2000

2024-07-23 15:45:25,214 - INFO - Epoch [1/20][215/408]	lr: 0.00011, eta: 0:22:02, time: 0.113, data_time: 0.017, transfer_time: 0.006, forward_time: 0.029, loss_parse_time: 0.000 memory: 5477, 
2024-07-23 15:45:25,214 - INFO - task : ['car'], loss: 3.5673, hm_loss: 2.6164, loc_loss: 3.8036, loc_loss_elem: ['0.2789', '0.2685', '0.9190', '0.1228', '0.1588', '0.1472', '1.4252', '1.9377', '0.5954', '0.6404'], num_positive: 39.6000
2024-07-23 15:45:25,214 - INFO - task : ['truck', 'construction_vehicle'], loss: 3.7101, hm_loss: 2.7796, loc_loss: 3.7223, loc_loss_elem: ['0.2788', '0.2730', '0.9567', '0.2381', '0.2953', '0.2117', '0.5364', '0.3633', '0.5873', '0.7013'], num_positive: 24.2000
2024-07-23 15:45:25,214 - INFO - task : ['bus', 'trailer'], loss: 4.1890, hm_loss: 3.1628, loc_loss: 4.1050, loc_loss_elem: ['0.2720', '0.3400', '0.8077', '0.1681', '0.6285', '0.1282', '1.6102', '0.8890', '0.5579', '0.7027'], num_positive: 14.6000
2024-07-23 15:45:25,214 - INFO - task : ['barrier'], loss: 3.2775, hm_loss: 2.4620, loc_loss: 3.2619, loc_loss_elem: ['0.2587', '0.2723', '0.8057', '0.2850', '0.2469', '0.1537', '0.1835', '0.0944', '0.7835', '0.4005'], num_positive: 30.4000
2024-07-23 15:45:25,214 - INFO - task : ['motorcycle', 'bicycle'], loss: 3.4413, hm_loss: 2.5004, loc_loss: 3.7637, loc_loss_elem: ['0.2567', '0.2530', '0.7531', '0.2282', '0.1747', '0.1875', '1.2735', '1.7881', '0.6097', '0.6886'], num_positive: 38.6000
2024-07-23 15:45:25,214 - INFO - task : ['pedestrian', 'traffic_cone'], loss: 3.2714, hm_loss: 2.4106, loc_loss: 3.4434, loc_loss_elem: ['0.2655', '0.2830', '0.5859', '0.2254', '0.3056', '0.2828', '0.5901', '0.4711', '0.6737', '0.6093'], num_positive: 60.0000

